<?xml version="1.0" encoding="UTF-8" ?>
<testsuite failures="0" time="1.026" errors="0" skipped="0" tests="77" name="org.apache.commons.math3.dfp.DfpTest">
  <properties>
[...]
</properties>
  <testcase time="0.003" classname="org.apache.commons.math3.dfp.DfpTest" name="testAdd"/>
  <testcase time="0" classname="org.apache.commons.math3.dfp.DfpTest" name="testSpecialConstructors"/>
  <testcase time="0.001" classname="org.apache.commons.math3.dfp.DfpTest" name="testFloor"/>
  <testcase time="0.001" classname="org.apache.commons.math3.dfp.DfpTest" name="testLog10"/>
  <testcase time="0.001" classname="org.apache.commons.math3.dfp.DfpTest" name="testRound"/>
  <testcase time="0.001" classname="org.apache.commons.math3.dfp.DfpTest" name="testCeil"/>
  <testcase time="0.001" classname="org.apache.commons.math3.dfp.DfpTest" name="testRint"/>
  <testcase time="0.004" classname="org.apache.commons.math3.dfp.DfpTest" name="testSqrt"/>
  <testcase time="0.001" classname="org.apache.commons.math3.dfp.DfpTest" name="testToString"/>
  <testcase time="0.001" classname="org.apache.commons.math3.dfp.DfpTest" name="testReciprocal"/>
  <testcase time="0.002" classname="org.apache.commons.math3.dfp.DfpTest" name="testDivideInt"/>
  <testcase time="0.001" classname="org.apache.commons.math3.dfp.DfpTest" name="testSignPredicates"/>
  <testcase time="0.001" classname="org.apache.commons.math3.dfp.DfpTest" name="testPower10"/>
  <testcase time="0" classname="org.apache.commons.math3.dfp.DfpTest" name="testCopySign"/>
  <testcase time="0.002" classname="org.apache.commons.math3.dfp.DfpTest" name="testCompare"/>
  <testcase time="0.002" classname="org.apache.commons.math3.dfp.DfpTest" name="testByteConstructor"/>
  <testcase time="0" classname="org.apache.commons.math3.dfp.DfpTest" name="testIntValue"/>
  <testcase time="0.001" classname="org.apache.commons.math3.dfp.DfpTest" name="testDivide"/>
  <testcase time="0.002" classname="org.apache.commons.math3.dfp.DfpTest" name="testMultiply"/>
  <testcase time="0.319" classname="org.apache.commons.math3.dfp.DfpTest" name="testIssue567"/>
  <testcase time="0.001" classname="org.apache.commons.math3.dfp.DfpTest" name="testIsZero"/>
  <testcase time="0" classname="org.apache.commons.math3.dfp.DfpTest" name="testIntConstructor"/>
  <testcase time="0" classname="org.apache.commons.math3.dfp.DfpTest" name="testLog10K"/>
  <testcase time="0" classname="org.apache.commons.math3.dfp.DfpTest" name="testRemainder"/>
  <testcase time="0" classname="org.apache.commons.math3.dfp.DfpTest" name="testPower10K"/>
  <testcase time="0" classname="org.apache.commons.math3.dfp.DfpTest" name="testLongConstructor"/>
  <testcase time="0" classname="org.apache.commons.math3.dfp.DfpTest" name="testNextAfter"/>
  <testcase time="0.035" classname="org.apache.commons.math3.dfp.DfpTest" name="testDivideField"/>
  <testcase time="0.035" classname="org.apache.commons.math3.dfp.DfpTest" name="testRemainderDouble"/>
  <testcase time="0" classname="org.apache.commons.math3.dfp.DfpTest" name="testGetField"/>
  <testcase time="0.02" classname="org.apache.commons.math3.dfp.DfpTest" name="testDivideDouble"/>
  <testcase time="0.001" classname="org.apache.commons.math3.dfp.DfpTest" name="testAbs"/>
  <testcase time="0.002" classname="org.apache.commons.math3.dfp.DfpTest" name="testCos"/>
  <testcase time="0.001" classname="org.apache.commons.math3.dfp.DfpTest" name="testExp"/>
  <testcase time="0.001" classname="org.apache.commons.math3.dfp.DfpTest" name="testLog"/>
  <testcase time="0.001" classname="org.apache.commons.math3.dfp.DfpTest" name="testSin"/>
  <testcase time="0.002" classname="org.apache.commons.math3.dfp.DfpTest" name="testTan"/>
  <testcase time="0.008" classname="org.apache.commons.math3.dfp.DfpTest" name="testAcosh"/>
  <testcase time="0.003" classname="org.apache.commons.math3.dfp.DfpTest" name="testAsinh"/>
  <testcase time="0.084" classname="org.apache.commons.math3.dfp.DfpTest" name="testAtan2"/>
  <testcase time="0.003" classname="org.apache.commons.math3.dfp.DfpTest" name="testAtanh"/>
  <testcase time="0.001" classname="org.apache.commons.math3.dfp.DfpTest" name="testExpm1"/>
  <testcase time="0.038" classname="org.apache.commons.math3.dfp.DfpTest" name="testHypot"/>
  <testcase time="0.003" classname="org.apache.commons.math3.dfp.DfpTest" name="testLog1p"/>
  <testcase time="0.009" classname="org.apache.commons.math3.dfp.DfpTest" name="testRootN"/>
  <testcase time="0.17" classname="org.apache.commons.math3.dfp.DfpTest" name="testScalb"/>
  <testcase time="0.003" classname="org.apache.commons.math3.dfp.DfpTest" name="testAcos"/>
  <testcase time="0.002" classname="org.apache.commons.math3.dfp.DfpTest" name="testAsin"/>
  <testcase time="0.002" classname="org.apache.commons.math3.dfp.DfpTest" name="testAtan"/>
  <testcase time="0.005" classname="org.apache.commons.math3.dfp.DfpTest" name="testCbrt"/>
  <testcase time="0.002" classname="org.apache.commons.math3.dfp.DfpTest" name="testCosh"/>
  <testcase time="0" classname="org.apache.commons.math3.dfp.DfpTest" name="testHash"/>
  <testcase time="0.002" classname="org.apache.commons.math3.dfp.DfpTest" name="testSinh"/>
  <testcase time="0.002" classname="org.apache.commons.math3.dfp.DfpTest" name="testTanh"/>
  <testcase time="0.011" classname="org.apache.commons.math3.dfp.DfpTest" name="testAddField"/>
  <testcase time="0.009" classname="org.apache.commons.math3.dfp.DfpTest" name="testMultiplyDouble"/>
  <testcase time="0.005" classname="org.apache.commons.math3.dfp.DfpTest" name="testMultiplyInt"/>
  <testcase time="0.006" classname="org.apache.commons.math3.dfp.DfpTest" name="testLinearCombinationDaFa"/>
  <testcase time="0.006" classname="org.apache.commons.math3.dfp.DfpTest" name="testLinearCombinationFaFa"/>
  <testcase time="0.01" classname="org.apache.commons.math3.dfp.DfpTest" name="testAddDouble"/>
  <testcase time="0.037" classname="org.apache.commons.math3.dfp.DfpTest" name="testPowDouble"/>
  <testcase time="0.009" classname="org.apache.commons.math3.dfp.DfpTest" name="testSubtractDouble"/>
  <testcase time="0.02" classname="org.apache.commons.math3.dfp.DfpTest" name="testRemainderField"/>
  <testcase time="0.007" classname="org.apache.commons.math3.dfp.DfpTest" name="testCopySignDouble"/>
  <testcase time="0.002" classname="org.apache.commons.math3.dfp.DfpTest" name="testLinearCombinationDF2"/>
  <testcase time="0.002" classname="org.apache.commons.math3.dfp.DfpTest" name="testLinearCombinationDF3"/>
  <testcase time="0.002" classname="org.apache.commons.math3.dfp.DfpTest" name="testLinearCombinationDF4"/>
  <testcase time="0.002" classname="org.apache.commons.math3.dfp.DfpTest" name="testLinearCombinationFF2"/>
  <testcase time="0.002" classname="org.apache.commons.math3.dfp.DfpTest" name="testLinearCombinationFF3"/>
  <testcase time="0.002" classname="org.apache.commons.math3.dfp.DfpTest" name="testLinearCombinationFF4"/>
  <testcase time="0" classname="org.apache.commons.math3.dfp.DfpTest" name="testEquals"/>
  <testcase time="0.009" classname="org.apache.commons.math3.dfp.DfpTest" name="testCopySignField"/>
  <testcase time="0.05" classname="org.apache.commons.math3.dfp.DfpTest" name="testPowField"/>
  <testcase time="0" classname="org.apache.commons.math3.dfp.DfpTest" name="testPowInt"/>
  <testcase time="0" classname="org.apache.commons.math3.dfp.DfpTest" name="testSignum"/>
  <testcase time="0.01" classname="org.apache.commons.math3.dfp.DfpTest" name="testMultiplyField"/>
  <testcase time="0.019" classname="org.apache.commons.math3.dfp.DfpTest" name="testSubtractField"/>
</testsuite>