<?xml version="1.0" encoding="UTF-8" ?>
<testsuite failures="0" time="6.324" errors="0" skipped="0" tests="63" name="org.apache.commons.math3.random.Well44497bTest">
  <properties>
[...]
</properties>
  <testcase time="0.001" classname="org.apache.commons.math3.random.Well44497bTest" name="testReferenceCode"/>
  <testcase time="0" classname="org.apache.commons.math3.random.Well44497bTest" name="testNextIntIAE2"/>
  <testcase time="0.889" classname="org.apache.commons.math3.random.Well44497bTest" name="testNextIntDirect"/>
  <testcase time="0.001" classname="org.apache.commons.math3.random.Well44497bTest" name="testNextFloatDirect"/>
  <testcase time="0" classname="org.apache.commons.math3.random.Well44497bTest" name="testNextBooleanDirect"/>
  <testcase time="0" classname="org.apache.commons.math3.random.Well44497bTest" name="testNextLongDirect"/>
  <testcase time="0.001" classname="org.apache.commons.math3.random.Well44497bTest" name="testNexBoolean2"/>
  <testcase time="0" classname="org.apache.commons.math3.random.Well44497bTest" name="testFloatDirect"/>
  <testcase time="0.001" classname="org.apache.commons.math3.random.Well44497bTest" name="testSeeding"/>
  <testcase time="0.001" classname="org.apache.commons.math3.random.Well44497bTest" name="testDoubleDirect"/>
  <testcase time="0.001" classname="org.apache.commons.math3.random.Well44497bTest" name="testNextLong2"/>
  <testcase time="0" classname="org.apache.commons.math3.random.Well44497bTest" name="testNextIntNeg"/>
  <testcase time="0.009" classname="org.apache.commons.math3.random.Well44497bTest" name="testNexBytes"/>
  <testcase time="0" classname="org.apache.commons.math3.random.Well44497bTest" name="testNextInt2"/>
  <testcase time="0.005" classname="org.apache.commons.math3.random.Well44497bTest" name="testNextPascal"/>
  <testcase time="0.002" classname="org.apache.commons.math3.random.Well44497bTest" name="testNextSample"/>
  <testcase time="0.008" classname="org.apache.commons.math3.random.Well44497bTest" name="testNextLongNegativeRange"/>
  <testcase time="0" classname="org.apache.commons.math3.random.Well44497bTest" name="testNextIntNegativeToPositiveRange"/>
  <testcase time="0.001" classname="org.apache.commons.math3.random.Well44497bTest" name="testNextIntExtremeValues"/>
  <testcase time="0" classname="org.apache.commons.math3.random.Well44497bTest" name="testNextUniformExclusiveEndpoints"/>
  <testcase time="0.001" classname="org.apache.commons.math3.random.Well44497bTest" name="testNextGaussian"/>
  <testcase time="0" classname="org.apache.commons.math3.random.Well44497bTest" name="testNextUniformExtremeValues"/>
  <testcase time="0" classname="org.apache.commons.math3.random.Well44497bTest" name="testNextSecureLongIAE"/>
  <testcase time="0.025" classname="org.apache.commons.math3.random.Well44497bTest" name="testNextF"/>
  <testcase time="0.012" classname="org.apache.commons.math3.random.Well44497bTest" name="testNextT"/>
  <testcase time="0" classname="org.apache.commons.math3.random.Well44497bTest" name="testNextSecureIntNegativeToPositiveRange"/>
  <testcase time="0.026" classname="org.apache.commons.math3.random.Well44497bTest" name="testNextChiSquare"/>
  <testcase time="0.001" classname="org.apache.commons.math3.random.Well44497bTest" name="testNextSecureHex"/>
  <testcase time="4.14" classname="org.apache.commons.math3.random.Well44497bTest" name="testNextPoissonConsistency"/>
  <testcase time="0.003" classname="org.apache.commons.math3.random.Well44497bTest" name="testNextHypergeometric"/>
  <testcase time="0" classname="org.apache.commons.math3.random.Well44497bTest" name="testNextSecureLongPositiveRange"/>
  <testcase time="0" classname="org.apache.commons.math3.random.Well44497bTest" name="testNextSecureIntPositiveRange"/>
  <testcase time="0.004" classname="org.apache.commons.math3.random.Well44497bTest" name="testNextLongNegativeToPositiveRange"/>
  <testcase time="0.001" classname="org.apache.commons.math3.random.Well44497bTest" name="testNextUniformUniformMaximalInterval"/>
  <testcase time="0" classname="org.apache.commons.math3.random.Well44497bTest" name="testNextLongExtremeValues"/>
  <testcase time="0.001" classname="org.apache.commons.math3.random.Well44497bTest" name="testNextExponential"/>
  <testcase time="0" classname="org.apache.commons.math3.random.Well44497bTest" name="testNextSecureLongNegativeRange"/>
  <testcase time="0" classname="org.apache.commons.math3.random.Well44497bTest" name="testNextSecureIntNegativeRange"/>
  <testcase time="0.007" classname="org.apache.commons.math3.random.Well44497bTest" name="testNextPoisson"/>
  <testcase time="0.001" classname="org.apache.commons.math3.random.Well44497bTest" name="testNextUniformUniformNegativeToPositiveBounds"/>
  <testcase time="0.001" classname="org.apache.commons.math3.random.Well44497bTest" name="testNextPermutation"/>
  <testcase time="0.003" classname="org.apache.commons.math3.random.Well44497bTest" name="testNextIntPositiveRange"/>
  <testcase time="0" classname="org.apache.commons.math3.random.Well44497bTest" name="testNextSecureIntIAE"/>
  <testcase time="0.001" classname="org.apache.commons.math3.random.Well44497bTest" name="testNextUniformIAE"/>
  <testcase time="0.001" classname="org.apache.commons.math3.random.Well44497bTest" name="testNextUniformUniformNegaiveBounds"/>
  <testcase time="0.003" classname="org.apache.commons.math3.random.Well44497bTest" name="testNextBinomial"/>
  <testcase time="0" classname="org.apache.commons.math3.random.Well44497bTest" name="testNextLongIAE"/>
  <testcase time="0" classname="org.apache.commons.math3.random.Well44497bTest" name="testConfig"/>
  <testcase time="0.057" classname="org.apache.commons.math3.random.Well44497bTest" name="testNextIntWideRange"/>
  <testcase time="0.001" classname="org.apache.commons.math3.random.Well44497bTest" name="testNextSecureLongNegativeToPositiveRange"/>
  <testcase time="0.002" classname="org.apache.commons.math3.random.Well44497bTest" name="testNextIntNegativeRange"/>
  <testcase time="0" classname="org.apache.commons.math3.random.Well44497bTest" name="testNextInversionDeviate"/>
  <testcase time="0.017" classname="org.apache.commons.math3.random.Well44497bTest" name="testNextHex"/>
  <testcase time="1.053" classname="org.apache.commons.math3.random.Well44497bTest" name="testNextLongWideRange"/>
  <testcase time="0.006" classname="org.apache.commons.math3.random.Well44497bTest" name="testNextLongPositiveRange"/>
  <testcase time="0" classname="org.apache.commons.math3.random.Well44497bTest" name="testReseed"/>
  <testcase time="0.001" classname="org.apache.commons.math3.random.Well44497bTest" name="testNextCauchy"/>
  <testcase time="0.001" classname="org.apache.commons.math3.random.Well44497bTest" name="testNextUniformUniformPositiveBounds"/>
  <testcase time="0.002" classname="org.apache.commons.math3.random.Well44497bTest" name="testNextGamma"/>
  <testcase time="0" classname="org.apache.commons.math3.random.Well44497bTest" name="testNextWeibull"/>
  <testcase time="0" classname="org.apache.commons.math3.random.Well44497bTest" name="testNextIntIAE"/>
  <testcase time="0.009" classname="org.apache.commons.math3.random.Well44497bTest" name="testNextBeta"/>
  <testcase time="0.014" classname="org.apache.commons.math3.random.Well44497bTest" name="testNextZipf"/>
</testsuite>