<?xml version="1.0" encoding="UTF-8" ?>
<testsuite failures="0" time="5.051" errors="0" skipped="0" tests="63" name="org.apache.commons.math3.random.Well44497aTest">
  <properties>
[...]
</properties>
  <testcase time="0.001" classname="org.apache.commons.math3.random.Well44497aTest" name="testReferenceCode"/>
  <testcase time="0" classname="org.apache.commons.math3.random.Well44497aTest" name="testNextIntIAE2"/>
  <testcase time="0.816" classname="org.apache.commons.math3.random.Well44497aTest" name="testNextIntDirect"/>
  <testcase time="0.001" classname="org.apache.commons.math3.random.Well44497aTest" name="testNextFloatDirect"/>
  <testcase time="0" classname="org.apache.commons.math3.random.Well44497aTest" name="testNextBooleanDirect"/>
  <testcase time="0.001" classname="org.apache.commons.math3.random.Well44497aTest" name="testNextLongDirect"/>
  <testcase time="0" classname="org.apache.commons.math3.random.Well44497aTest" name="testNexBoolean2"/>
  <testcase time="0.001" classname="org.apache.commons.math3.random.Well44497aTest" name="testFloatDirect"/>
  <testcase time="0" classname="org.apache.commons.math3.random.Well44497aTest" name="testSeeding"/>
  <testcase time="0.002" classname="org.apache.commons.math3.random.Well44497aTest" name="testDoubleDirect"/>
  <testcase time="0" classname="org.apache.commons.math3.random.Well44497aTest" name="testNextLong2"/>
  <testcase time="0" classname="org.apache.commons.math3.random.Well44497aTest" name="testNextIntNeg"/>
  <testcase time="0.01" classname="org.apache.commons.math3.random.Well44497aTest" name="testNexBytes"/>
  <testcase time="0.001" classname="org.apache.commons.math3.random.Well44497aTest" name="testNextInt2"/>
  <testcase time="0.006" classname="org.apache.commons.math3.random.Well44497aTest" name="testNextPascal"/>
  <testcase time="0.003" classname="org.apache.commons.math3.random.Well44497aTest" name="testNextSample"/>
  <testcase time="0.006" classname="org.apache.commons.math3.random.Well44497aTest" name="testNextLongNegativeRange"/>
  <testcase time="0.002" classname="org.apache.commons.math3.random.Well44497aTest" name="testNextIntNegativeToPositiveRange"/>
  <testcase time="0" classname="org.apache.commons.math3.random.Well44497aTest" name="testNextIntExtremeValues"/>
  <testcase time="0" classname="org.apache.commons.math3.random.Well44497aTest" name="testNextUniformExclusiveEndpoints"/>
  <testcase time="0" classname="org.apache.commons.math3.random.Well44497aTest" name="testNextGaussian"/>
  <testcase time="0" classname="org.apache.commons.math3.random.Well44497aTest" name="testNextUniformExtremeValues"/>
  <testcase time="0" classname="org.apache.commons.math3.random.Well44497aTest" name="testNextSecureLongIAE"/>
  <testcase time="0.018" classname="org.apache.commons.math3.random.Well44497aTest" name="testNextF"/>
  <testcase time="0.012" classname="org.apache.commons.math3.random.Well44497aTest" name="testNextT"/>
  <testcase time="0.001" classname="org.apache.commons.math3.random.Well44497aTest" name="testNextSecureIntNegativeToPositiveRange"/>
  <testcase time="0.027" classname="org.apache.commons.math3.random.Well44497aTest" name="testNextChiSquare"/>
  <testcase time="0" classname="org.apache.commons.math3.random.Well44497aTest" name="testNextSecureHex"/>
  <testcase time="3.201" classname="org.apache.commons.math3.random.Well44497aTest" name="testNextPoissonConsistency"/>
  <testcase time="0.003" classname="org.apache.commons.math3.random.Well44497aTest" name="testNextHypergeometric"/>
  <testcase time="0" classname="org.apache.commons.math3.random.Well44497aTest" name="testNextSecureLongPositiveRange"/>
  <testcase time="0" classname="org.apache.commons.math3.random.Well44497aTest" name="testNextSecureIntPositiveRange"/>
  <testcase time="0.003" classname="org.apache.commons.math3.random.Well44497aTest" name="testNextLongNegativeToPositiveRange"/>
  <testcase time="0.001" classname="org.apache.commons.math3.random.Well44497aTest" name="testNextUniformUniformMaximalInterval"/>
  <testcase time="0" classname="org.apache.commons.math3.random.Well44497aTest" name="testNextLongExtremeValues"/>
  <testcase time="0.001" classname="org.apache.commons.math3.random.Well44497aTest" name="testNextExponential"/>
  <testcase time="0" classname="org.apache.commons.math3.random.Well44497aTest" name="testNextSecureLongNegativeRange"/>
  <testcase time="0" classname="org.apache.commons.math3.random.Well44497aTest" name="testNextSecureIntNegativeRange"/>
  <testcase time="0.006" classname="org.apache.commons.math3.random.Well44497aTest" name="testNextPoisson"/>
  <testcase time="0.001" classname="org.apache.commons.math3.random.Well44497aTest" name="testNextUniformUniformNegativeToPositiveBounds"/>
  <testcase time="0" classname="org.apache.commons.math3.random.Well44497aTest" name="testNextPermutation"/>
  <testcase time="0.003" classname="org.apache.commons.math3.random.Well44497aTest" name="testNextIntPositiveRange"/>
  <testcase time="0" classname="org.apache.commons.math3.random.Well44497aTest" name="testNextSecureIntIAE"/>
  <testcase time="0" classname="org.apache.commons.math3.random.Well44497aTest" name="testNextUniformIAE"/>
  <testcase time="0.001" classname="org.apache.commons.math3.random.Well44497aTest" name="testNextUniformUniformNegaiveBounds"/>
  <testcase time="0.004" classname="org.apache.commons.math3.random.Well44497aTest" name="testNextBinomial"/>
  <testcase time="0" classname="org.apache.commons.math3.random.Well44497aTest" name="testNextLongIAE"/>
  <testcase time="0.001" classname="org.apache.commons.math3.random.Well44497aTest" name="testConfig"/>
  <testcase time="0.055" classname="org.apache.commons.math3.random.Well44497aTest" name="testNextIntWideRange"/>
  <testcase time="0" classname="org.apache.commons.math3.random.Well44497aTest" name="testNextSecureLongNegativeToPositiveRange"/>
  <testcase time="0.004" classname="org.apache.commons.math3.random.Well44497aTest" name="testNextIntNegativeRange"/>
  <testcase time="0" classname="org.apache.commons.math3.random.Well44497aTest" name="testNextInversionDeviate"/>
  <testcase time="0.019" classname="org.apache.commons.math3.random.Well44497aTest" name="testNextHex"/>
  <testcase time="0.788" classname="org.apache.commons.math3.random.Well44497aTest" name="testNextLongWideRange"/>
  <testcase time="0.006" classname="org.apache.commons.math3.random.Well44497aTest" name="testNextLongPositiveRange"/>
  <testcase time="0" classname="org.apache.commons.math3.random.Well44497aTest" name="testReseed"/>
  <testcase time="0.001" classname="org.apache.commons.math3.random.Well44497aTest" name="testNextCauchy"/>
  <testcase time="0.001" classname="org.apache.commons.math3.random.Well44497aTest" name="testNextUniformUniformPositiveBounds"/>
  <testcase time="0.004" classname="org.apache.commons.math3.random.Well44497aTest" name="testNextGamma"/>
  <testcase time="0.001" classname="org.apache.commons.math3.random.Well44497aTest" name="testNextWeibull"/>
  <testcase time="0" classname="org.apache.commons.math3.random.Well44497aTest" name="testNextIntIAE"/>
  <testcase time="0.01" classname="org.apache.commons.math3.random.Well44497aTest" name="testNextBeta"/>
  <testcase time="0.017" classname="org.apache.commons.math3.random.Well44497aTest" name="testNextZipf"/>
</testsuite>