<?xml version="1.0" encoding="UTF-8" ?>
<testsuite failures="0" time="0.049" errors="0" skipped="0" tests="46" name="org.apache.commons.math3.stat.descriptive.rank.PercentileTest">
  <properties>
[...]
</properties>
  <testcase time="0" classname="org.apache.commons.math3.stat.descriptive.rank.PercentileTest" name="testAllTechniquesSingleton"/>
  <testcase time="0" classname="org.apache.commons.math3.stat.descriptive.rank.PercentileTest" name="testAllTechniquesSetQuantile"/>
  <testcase time="0" classname="org.apache.commons.math3.stat.descriptive.rank.PercentileTest" name="testPercentile"/>
  <testcase time="0" classname="org.apache.commons.math3.stat.descriptive.rank.PercentileTest" name="testMedianOf3"/>
  <testcase time="0" classname="org.apache.commons.math3.stat.descriptive.rank.PercentileTest" name="testAllTechniquesHighPercentile"/>
  <testcase time="0" classname="org.apache.commons.math3.stat.descriptive.rank.PercentileTest" name="testNISTExample"/>
  <testcase time="0" classname="org.apache.commons.math3.stat.descriptive.rank.PercentileTest" name="testAllTechniquesEvaluateArraySegmentWeighted"/>
  <testcase time="0" classname="org.apache.commons.math3.stat.descriptive.rank.PercentileTest" name="testAllEstimationTechniquesOnlyForExtremeIndexes"/>
  <testcase time="0" classname="org.apache.commons.math3.stat.descriptive.rank.PercentileTest" name="testNullEstimation"/>
  <testcase time="0" classname="org.apache.commons.math3.stat.descriptive.rank.PercentileTest" name="testSingleton"/>
  <testcase time="0" classname="org.apache.commons.math3.stat.descriptive.rank.PercentileTest" name="testNanStrategyFailed"/>
  <testcase time="0" classname="org.apache.commons.math3.stat.descriptive.rank.PercentileTest" name="testLowPercentile"/>
  <testcase time="0" classname="org.apache.commons.math3.stat.descriptive.rank.PercentileTest" name="testAllTechniquesLowPercentile"/>
  <testcase time="0.001" classname="org.apache.commons.math3.stat.descriptive.rank.PercentileTest" name="testAllEstimationTechniquesOnlyForAllPivotingStrategies"/>
  <testcase time="0" classname="org.apache.commons.math3.stat.descriptive.rank.PercentileTest" name="testAllTechniquesEmpty"/>
  <testcase time="0.001" classname="org.apache.commons.math3.stat.descriptive.rank.PercentileTest" name="testSetQuantile"/>
  <testcase time="0" classname="org.apache.commons.math3.stat.descriptive.rank.PercentileTest" name="test5"/>
  <testcase time="0" classname="org.apache.commons.math3.stat.descriptive.rank.PercentileTest" name="testNanStrategySpecific"/>
  <testcase time="0.001" classname="org.apache.commons.math3.stat.descriptive.rank.PercentileTest" name="testAllTechniquesNullEmpty"/>
  <testcase time="0" classname="org.apache.commons.math3.stat.descriptive.rank.PercentileTest" name="testHighPercentile"/>
  <testcase time="0" classname="org.apache.commons.math3.stat.descriptive.rank.PercentileTest" name="testPercentileWithTechnique"/>
  <testcase time="0" classname="org.apache.commons.math3.stat.descriptive.rank.PercentileTest" name="testReplaceNanInRange"/>
  <testcase time="0.001" classname="org.apache.commons.math3.stat.descriptive.rank.PercentileTest" name="testAllTechniquesEvaluation"/>
  <testcase time="0" classname="org.apache.commons.math3.stat.descriptive.rank.PercentileTest" name="testPercentileWithDataRef"/>
  <testcase time="0" classname="org.apache.commons.math3.stat.descriptive.rank.PercentileTest" name="testAllEstimationTechniquesOnly"/>
  <testcase time="0.001" classname="org.apache.commons.math3.stat.descriptive.rank.PercentileTest" name="testAllTechniquesEvaluateArraySegment"/>
  <testcase time="0.001" classname="org.apache.commons.math3.stat.descriptive.rank.PercentileTest" name="testAllTechniquesPercentileUsingCentralPivoting"/>
  <testcase time="0" classname="org.apache.commons.math3.stat.descriptive.rank.PercentileTest" name="testPercentileCopy"/>
  <testcase time="0" classname="org.apache.commons.math3.stat.descriptive.rank.PercentileTest" name="testSpecialValues"/>
  <testcase time="0.001" classname="org.apache.commons.math3.stat.descriptive.rank.PercentileTest" name="testAllTechniquesSpecialValuesWithNaNStrategy"/>
  <testcase time="0.001" classname="org.apache.commons.math3.stat.descriptive.rank.PercentileTest" name="testAllTechniquesPercentileUsingRandomPivoting"/>
  <testcase time="0.001" classname="org.apache.commons.math3.stat.descriptive.rank.PercentileTest" name="testAllEstimationTechniquesOnlyLimits"/>
  <testcase time="0.001" classname="org.apache.commons.math3.stat.descriptive.rank.PercentileTest" name="testAllTechniquesNISTExample"/>
  <testcase time="0" classname="org.apache.commons.math3.stat.descriptive.rank.PercentileTest" name="testAllTechniquesSpecialValues"/>
  <testcase time="0.001" classname="org.apache.commons.math3.stat.descriptive.rank.PercentileTest" name="testAllTechniquesWeightedConsistency"/>
  <testcase time="0.03" classname="org.apache.commons.math3.stat.descriptive.rank.PercentileTest" name="testStoredVsDirect"/>
  <testcase time="0.001" classname="org.apache.commons.math3.stat.descriptive.rank.PercentileTest" name="testAllTechniquesPercentileUsingMedianOf3Pivoting"/>
  <testcase time="0" classname="org.apache.commons.math3.stat.descriptive.rank.PercentileTest" name="testAllEstimationTechniquesOnlyForNullsAndOOR"/>
  <testcase time="0" classname="org.apache.commons.math3.stat.descriptive.rank.PercentileTest" name="testAllTechniques5"/>
  <testcase time="0" classname="org.apache.commons.math3.stat.descriptive.rank.PercentileTest" name="testNullEmpty"/>
  <testcase time="0.001" classname="org.apache.commons.math3.stat.descriptive.rank.PercentileTest" name="testRemoveNan"/>
  <testcase time="0" classname="org.apache.commons.math3.stat.descriptive.rank.PercentileTest" name="testCopy"/>
  <testcase time="0" classname="org.apache.commons.math3.stat.descriptive.rank.PercentileTest" name="testEvaluation"/>
  <testcase time="0" classname="org.apache.commons.math3.stat.descriptive.rank.PercentileTest" name="testEvaluateArraySegment"/>
  <testcase time="0" classname="org.apache.commons.math3.stat.descriptive.rank.PercentileTest" name="testWeightedConsistency"/>
  <testcase time="0" classname="org.apache.commons.math3.stat.descriptive.rank.PercentileTest" name="testEvaluateArraySegmentWeighted"/>
</testsuite>