<?xml version="1.0" encoding="UTF-8" ?>
<testsuite failures="0" time="5.453" errors="0" skipped="0" tests="62" name="org.apache.commons.math3.random.RandomGeneratorFactoryTest">
  <properties>
[...]
</properties>
  <testcase time="0" classname="org.apache.commons.math3.random.RandomGeneratorFactoryTest" name="testNextIntIAE2"/>
  <testcase time="0.747" classname="org.apache.commons.math3.random.RandomGeneratorFactoryTest" name="testNextIntDirect"/>
  <testcase time="0.001" classname="org.apache.commons.math3.random.RandomGeneratorFactoryTest" name="testNextFloatDirect"/>
  <testcase time="0" classname="org.apache.commons.math3.random.RandomGeneratorFactoryTest" name="testNextBooleanDirect"/>
  <testcase time="0" classname="org.apache.commons.math3.random.RandomGeneratorFactoryTest" name="testNextLongDirect"/>
  <testcase time="0.003" classname="org.apache.commons.math3.random.RandomGeneratorFactoryTest" name="testNexBoolean2"/>
  <testcase time="0.001" classname="org.apache.commons.math3.random.RandomGeneratorFactoryTest" name="testFloatDirect"/>
  <testcase time="0.001" classname="org.apache.commons.math3.random.RandomGeneratorFactoryTest" name="testSeeding"/>
  <testcase time="0.002" classname="org.apache.commons.math3.random.RandomGeneratorFactoryTest" name="testDoubleDirect"/>
  <testcase time="0.001" classname="org.apache.commons.math3.random.RandomGeneratorFactoryTest" name="testNextLong2"/>
  <testcase time="0" classname="org.apache.commons.math3.random.RandomGeneratorFactoryTest" name="testNextIntNeg"/>
  <testcase time="0.017" classname="org.apache.commons.math3.random.RandomGeneratorFactoryTest" name="testNexBytes"/>
  <testcase time="0.002" classname="org.apache.commons.math3.random.RandomGeneratorFactoryTest" name="testNextInt2"/>
  <testcase time="0.005" classname="org.apache.commons.math3.random.RandomGeneratorFactoryTest" name="testNextPascal"/>
  <testcase time="0.001" classname="org.apache.commons.math3.random.RandomGeneratorFactoryTest" name="testNextSample"/>
  <testcase time="0.006" classname="org.apache.commons.math3.random.RandomGeneratorFactoryTest" name="testNextLongNegativeRange"/>
  <testcase time="0.001" classname="org.apache.commons.math3.random.RandomGeneratorFactoryTest" name="testNextIntNegativeToPositiveRange"/>
  <testcase time="0" classname="org.apache.commons.math3.random.RandomGeneratorFactoryTest" name="testNextIntExtremeValues"/>
  <testcase time="0" classname="org.apache.commons.math3.random.RandomGeneratorFactoryTest" name="testNextUniformExclusiveEndpoints"/>
  <testcase time="0.001" classname="org.apache.commons.math3.random.RandomGeneratorFactoryTest" name="testNextGaussian"/>
  <testcase time="0" classname="org.apache.commons.math3.random.RandomGeneratorFactoryTest" name="testNextUniformExtremeValues"/>
  <testcase time="0" classname="org.apache.commons.math3.random.RandomGeneratorFactoryTest" name="testNextSecureLongIAE"/>
  <testcase time="0.019" classname="org.apache.commons.math3.random.RandomGeneratorFactoryTest" name="testNextF"/>
  <testcase time="0.013" classname="org.apache.commons.math3.random.RandomGeneratorFactoryTest" name="testNextT"/>
  <testcase time="0" classname="org.apache.commons.math3.random.RandomGeneratorFactoryTest" name="testNextSecureIntNegativeToPositiveRange"/>
  <testcase time="0.026" classname="org.apache.commons.math3.random.RandomGeneratorFactoryTest" name="testNextChiSquare"/>
  <testcase time="0.001" classname="org.apache.commons.math3.random.RandomGeneratorFactoryTest" name="testNextSecureHex"/>
  <testcase time="3.785" classname="org.apache.commons.math3.random.RandomGeneratorFactoryTest" name="testNextPoissonConsistency"/>
  <testcase time="0.003" classname="org.apache.commons.math3.random.RandomGeneratorFactoryTest" name="testNextHypergeometric"/>
  <testcase time="0" classname="org.apache.commons.math3.random.RandomGeneratorFactoryTest" name="testNextSecureLongPositiveRange"/>
  <testcase time="0" classname="org.apache.commons.math3.random.RandomGeneratorFactoryTest" name="testNextSecureIntPositiveRange"/>
  <testcase time="0.002" classname="org.apache.commons.math3.random.RandomGeneratorFactoryTest" name="testNextLongNegativeToPositiveRange"/>
  <testcase time="0" classname="org.apache.commons.math3.random.RandomGeneratorFactoryTest" name="testNextUniformUniformMaximalInterval"/>
  <testcase time="0.001" classname="org.apache.commons.math3.random.RandomGeneratorFactoryTest" name="testNextLongExtremeValues"/>
  <testcase time="0" classname="org.apache.commons.math3.random.RandomGeneratorFactoryTest" name="testNextExponential"/>
  <testcase time="0" classname="org.apache.commons.math3.random.RandomGeneratorFactoryTest" name="testNextSecureLongNegativeRange"/>
  <testcase time="0" classname="org.apache.commons.math3.random.RandomGeneratorFactoryTest" name="testNextSecureIntNegativeRange"/>
  <testcase time="0.006" classname="org.apache.commons.math3.random.RandomGeneratorFactoryTest" name="testNextPoisson"/>
  <testcase time="0.001" classname="org.apache.commons.math3.random.RandomGeneratorFactoryTest" name="testNextUniformUniformNegativeToPositiveBounds"/>
  <testcase time="0.001" classname="org.apache.commons.math3.random.RandomGeneratorFactoryTest" name="testNextPermutation"/>
  <testcase time="0.003" classname="org.apache.commons.math3.random.RandomGeneratorFactoryTest" name="testNextIntPositiveRange"/>
  <testcase time="0" classname="org.apache.commons.math3.random.RandomGeneratorFactoryTest" name="testNextSecureIntIAE"/>
  <testcase time="0" classname="org.apache.commons.math3.random.RandomGeneratorFactoryTest" name="testNextUniformIAE"/>
  <testcase time="0.001" classname="org.apache.commons.math3.random.RandomGeneratorFactoryTest" name="testNextUniformUniformNegaiveBounds"/>
  <testcase time="0.004" classname="org.apache.commons.math3.random.RandomGeneratorFactoryTest" name="testNextBinomial"/>
  <testcase time="0" classname="org.apache.commons.math3.random.RandomGeneratorFactoryTest" name="testNextLongIAE"/>
  <testcase time="0.002" classname="org.apache.commons.math3.random.RandomGeneratorFactoryTest" name="testConfig"/>
  <testcase time="0.042" classname="org.apache.commons.math3.random.RandomGeneratorFactoryTest" name="testNextIntWideRange"/>
  <testcase time="0" classname="org.apache.commons.math3.random.RandomGeneratorFactoryTest" name="testNextSecureLongNegativeToPositiveRange"/>
  <testcase time="0.002" classname="org.apache.commons.math3.random.RandomGeneratorFactoryTest" name="testNextIntNegativeRange"/>
  <testcase time="0" classname="org.apache.commons.math3.random.RandomGeneratorFactoryTest" name="testNextInversionDeviate"/>
  <testcase time="0.017" classname="org.apache.commons.math3.random.RandomGeneratorFactoryTest" name="testNextHex"/>
  <testcase time="0.686" classname="org.apache.commons.math3.random.RandomGeneratorFactoryTest" name="testNextLongWideRange"/>
  <testcase time="0.006" classname="org.apache.commons.math3.random.RandomGeneratorFactoryTest" name="testNextLongPositiveRange"/>
  <testcase time="0" classname="org.apache.commons.math3.random.RandomGeneratorFactoryTest" name="testReseed"/>
  <testcase time="0.001" classname="org.apache.commons.math3.random.RandomGeneratorFactoryTest" name="testNextCauchy"/>
  <testcase time="0.001" classname="org.apache.commons.math3.random.RandomGeneratorFactoryTest" name="testNextUniformUniformPositiveBounds"/>
  <testcase time="0.002" classname="org.apache.commons.math3.random.RandomGeneratorFactoryTest" name="testNextGamma"/>
  <testcase time="0.001" classname="org.apache.commons.math3.random.RandomGeneratorFactoryTest" name="testNextWeibull"/>
  <testcase time="0" classname="org.apache.commons.math3.random.RandomGeneratorFactoryTest" name="testNextIntIAE"/>
  <testcase time="0.01" classname="org.apache.commons.math3.random.RandomGeneratorFactoryTest" name="testNextBeta"/>
  <testcase time="0.015" classname="org.apache.commons.math3.random.RandomGeneratorFactoryTest" name="testNextZipf"/>
</testsuite>