<?xml version="1.0" encoding="UTF-8" ?>
<testsuite failures="0" time="0.026" errors="0" skipped="0" tests="129" name="org.apache.commons.math3.complex.ComplexTest">
  <properties>
[...]
</properties>
  <testcase time="0" classname="org.apache.commons.math3.complex.ComplexTest" name="testReciprocalReal"/>
  <testcase time="0" classname="org.apache.commons.math3.complex.ComplexTest" name="testReciprocalZero"/>
  <testcase time="0" classname="org.apache.commons.math3.complex.ComplexTest" name="testNthRoot_cornercase_NAN_Inf"/>
  <testcase time="0" classname="org.apache.commons.math3.complex.ComplexTest" name="testTanhInf"/>
  <testcase time="0" classname="org.apache.commons.math3.complex.ComplexTest" name="testTanhNaN"/>
  <testcase time="0" classname="org.apache.commons.math3.complex.ComplexTest" name="testConjugateNaN"/>
  <testcase time="0" classname="org.apache.commons.math3.complex.ComplexTest" name="testScalarDivideInf"/>
  <testcase time="0" classname="org.apache.commons.math3.complex.ComplexTest" name="testScalarDivideNaN"/>
  <testcase time="0" classname="org.apache.commons.math3.complex.ComplexTest" name="testScalarMultiplyInf"/>
  <testcase time="0" classname="org.apache.commons.math3.complex.ComplexTest" name="testScalarMultiplyNaN"/>
  <testcase time="0" classname="org.apache.commons.math3.complex.ComplexTest" name="testDivideImaginary"/>
  <testcase time="0" classname="org.apache.commons.math3.complex.ComplexTest" name="testAcosInf"/>
  <testcase time="0" classname="org.apache.commons.math3.complex.ComplexTest" name="testAcosNaN"/>
  <testcase time="0" classname="org.apache.commons.math3.complex.ComplexTest" name="testEqualsClass"/>
  <testcase time="0" classname="org.apache.commons.math3.complex.ComplexTest" name="testAbs"/>
  <testcase time="0" classname="org.apache.commons.math3.complex.ComplexTest" name="testAdd"/>
  <testcase time="0" classname="org.apache.commons.math3.complex.ComplexTest" name="testCos"/>
  <testcase time="0" classname="org.apache.commons.math3.complex.ComplexTest" name="testExp"/>
  <testcase time="0" classname="org.apache.commons.math3.complex.ComplexTest" name="testLog"/>
  <testcase time="0" classname="org.apache.commons.math3.complex.ComplexTest" name="testPow"/>
  <testcase time="0" classname="org.apache.commons.math3.complex.ComplexTest" name="testSin"/>
  <testcase time="0" classname="org.apache.commons.math3.complex.ComplexTest" name="testTan"/>
  <testcase time="0" classname="org.apache.commons.math3.complex.ComplexTest" name="testSubtract"/>
  <testcase time="0" classname="org.apache.commons.math3.complex.ComplexTest" name="testScalarAdd"/>
  <testcase time="0" classname="org.apache.commons.math3.complex.ComplexTest" name="testScalarPow"/>
  <testcase time="0" classname="org.apache.commons.math3.complex.ComplexTest" name="testDivideNaNInf"/>
  <testcase time="0" classname="org.apache.commons.math3.complex.ComplexTest" name="testAtanI"/>
  <testcase time="0" classname="org.apache.commons.math3.complex.ComplexTest" name="testAcos"/>
  <testcase time="0" classname="org.apache.commons.math3.complex.ComplexTest" name="testAsin"/>
  <testcase time="0" classname="org.apache.commons.math3.complex.ComplexTest" name="testAtan"/>
  <testcase time="0" classname="org.apache.commons.math3.complex.ComplexTest" name="testCosh"/>
  <testcase time="0" classname="org.apache.commons.math3.complex.ComplexTest" name="testSinh"/>
  <testcase time="0" classname="org.apache.commons.math3.complex.ComplexTest" name="testTanh"/>
  <testcase time="0" classname="org.apache.commons.math3.complex.ComplexTest" name="testAsinInf"/>
  <testcase time="0" classname="org.apache.commons.math3.complex.ComplexTest" name="testAsinNaN"/>
  <testcase time="0" classname="org.apache.commons.math3.complex.ComplexTest" name="testAtanInf"/>
  <testcase time="0" classname="org.apache.commons.math3.complex.ComplexTest" name="testAtanNaN"/>
  <testcase time="0" classname="org.apache.commons.math3.complex.ComplexTest" name="testReciprocal"/>
  <testcase time="0" classname="org.apache.commons.math3.complex.ComplexTest" name="testScalarAddInf"/>
  <testcase time="0" classname="org.apache.commons.math3.complex.ComplexTest" name="testScalarAddNaN"/>
  <testcase time="0.001" classname="org.apache.commons.math3.complex.ComplexTest" name="testFloatingPointEqualsWithAllowedDelta"/>
  <testcase time="0" classname="org.apache.commons.math3.complex.ComplexTest" name="testScalarPowZero"/>
  <testcase time="0" classname="org.apache.commons.math3.complex.ComplexTest" name="testScalarDivide"/>
  <testcase time="0" classname="org.apache.commons.math3.complex.ComplexTest" name="testDivideInf"/>
  <testcase time="0" classname="org.apache.commons.math3.complex.ComplexTest" name="testDivideNaN"/>
  <testcase time="0" classname="org.apache.commons.math3.complex.ComplexTest" name="testEqualsRealDifference"/>
  <testcase time="0" classname="org.apache.commons.math3.complex.ComplexTest" name="testNegateNaN"/>
  <testcase time="0" classname="org.apache.commons.math3.complex.ComplexTest" name="testTanhCritical"/>
  <testcase time="0" classname="org.apache.commons.math3.complex.ComplexTest" name="testPowZero"/>
  <testcase time="0" classname="org.apache.commons.math3.complex.ComplexTest" name="testScalarPowInf"/>
  <testcase time="0" classname="org.apache.commons.math3.complex.ComplexTest" name="testScalarMultiply"/>
  <testcase time="0" classname="org.apache.commons.math3.complex.ComplexTest" name="testSqrtImaginaryZero"/>
  <testcase time="0" classname="org.apache.commons.math3.complex.ComplexTest" name="testSqrtRealPositive"/>
  <testcase time="0" classname="org.apache.commons.math3.complex.ComplexTest" name="testEqualsNull"/>
  <testcase time="0" classname="org.apache.commons.math3.complex.ComplexTest" name="testEqualsSame"/>
  <testcase time="0" classname="org.apache.commons.math3.complex.ComplexTest" name="testEqualsTrue"/>
  <testcase time="0" classname="org.apache.commons.math3.complex.ComplexTest" name="testSqrt1zNaN"/>
  <testcase time="0" classname="org.apache.commons.math3.complex.ComplexTest" name="testSqrtRealNegative"/>
  <testcase time="0" classname="org.apache.commons.math3.complex.ComplexTest" name="testScalarPowNaNBase"/>
  <testcase time="0" classname="org.apache.commons.math3.complex.ComplexTest" name="testGetArgument"/>
  <testcase time="0" classname="org.apache.commons.math3.complex.ComplexTest" name="testSqrtPolar"/>
  <testcase time="0" classname="org.apache.commons.math3.complex.ComplexTest" name="testMultiplyNaN"/>
  <testcase time="0" classname="org.apache.commons.math3.complex.ComplexTest" name="testLogZero"/>
  <testcase time="0" classname="org.apache.commons.math3.complex.ComplexTest" name="testConjugate"/>
  <testcase time="0" classname="org.apache.commons.math3.complex.ComplexTest" name="testFloatingPointEqualsNaN"/>
  <testcase time="0" classname="org.apache.commons.math3.complex.ComplexTest" name="testMultiplyInfInf"/>
  <testcase time="0" classname="org.apache.commons.math3.complex.ComplexTest" name="testNthRoot_normal_fourthRoot"/>
  <testcase time="0" classname="org.apache.commons.math3.complex.ComplexTest" name="testMultiplyNaNInf"/>
  <testcase time="0" classname="org.apache.commons.math3.complex.ComplexTest" name="testEqualsImaginaryDifference"/>
  <testcase time="0" classname="org.apache.commons.math3.complex.ComplexTest" name="testScalarSubtractInf"/>
  <testcase time="0" classname="org.apache.commons.math3.complex.ComplexTest" name="testScalarSubtractNaN"/>
  <testcase time="0.001" classname="org.apache.commons.math3.complex.ComplexTest" name="testTanCritical"/>
  <testcase time="0" classname="org.apache.commons.math3.complex.ComplexTest" name="testPowNaNBase"/>
  <testcase time="0" classname="org.apache.commons.math3.complex.ComplexTest" name="testMath221"/>
  <testcase time="0" classname="org.apache.commons.math3.complex.ComplexTest" name="testNthRoot_cornercase_thirdRoot_imaginaryPartEmpty"/>
  <testcase time="0" classname="org.apache.commons.math3.complex.ComplexTest" name="testFloatingPointEqualsWithRelativeTolerance"/>
  <testcase time="0" classname="org.apache.commons.math3.complex.ComplexTest" name="testGetArgumentInf"/>
  <testcase time="0" classname="org.apache.commons.math3.complex.ComplexTest" name="testGetArgumentNaN"/>
  <testcase time="0" classname="org.apache.commons.math3.complex.ComplexTest" name="testConstructorNaN"/>
  <testcase time="0" classname="org.apache.commons.math3.complex.ComplexTest" name="testCoshInf"/>
  <testcase time="0" classname="org.apache.commons.math3.complex.ComplexTest" name="testCoshNaN"/>
  <testcase time="0" classname="org.apache.commons.math3.complex.ComplexTest" name="testPowNaNExponent"/>
  <testcase time="0" classname="org.apache.commons.math3.complex.ComplexTest" name="testHashCode"/>
  <testcase time="0" classname="org.apache.commons.math3.complex.ComplexTest" name="testSqrtRealZero"/>
  <testcase time="0" classname="org.apache.commons.math3.complex.ComplexTest" name="testSqrtImaginaryNegative"/>
  <testcase time="0" classname="org.apache.commons.math3.complex.ComplexTest" name="testFloatingPointEqualsPrecondition1"/>
  <testcase time="0.001" classname="org.apache.commons.math3.complex.ComplexTest" name="testFloatingPointEqualsPrecondition2"/>
  <testcase time="0" classname="org.apache.commons.math3.complex.ComplexTest" name="testReciprocalInf"/>
  <testcase time="0" classname="org.apache.commons.math3.complex.ComplexTest" name="testReciprocalNaN"/>
  <testcase time="0" classname="org.apache.commons.math3.complex.ComplexTest" name="testFloatingPointEquals"/>
  <testcase time="0" classname="org.apache.commons.math3.complex.ComplexTest" name="testNthRoot_cornercase_thirdRoot_realPartZero"/>
  <testcase time="0" classname="org.apache.commons.math3.complex.ComplexTest" name="testScalarDivideZero"/>
  <testcase time="0" classname="org.apache.commons.math3.complex.ComplexTest" name="testScalarSubtract"/>
  <testcase time="0" classname="org.apache.commons.math3.complex.ComplexTest" name="testAbsNaN"/>
  <testcase time="0" classname="org.apache.commons.math3.complex.ComplexTest" name="testAddInf"/>
  <testcase time="0" classname="org.apache.commons.math3.complex.ComplexTest" name="testAddNaN"/>
  <testcase time="0" classname="org.apache.commons.math3.complex.ComplexTest" name="testCosInf"/>
  <testcase time="0" classname="org.apache.commons.math3.complex.ComplexTest" name="testCosNaN"/>
  <testcase time="0" classname="org.apache.commons.math3.complex.ComplexTest" name="testDivide"/>
  <testcase time="0" classname="org.apache.commons.math3.complex.ComplexTest" name="testExpInf"/>
  <testcase time="0" classname="org.apache.commons.math3.complex.ComplexTest" name="testExpNaN"/>
  <testcase time="0" classname="org.apache.commons.math3.complex.ComplexTest" name="testMultiply"/>
  <testcase time="0" classname="org.apache.commons.math3.complex.ComplexTest" name="testDivideReal"/>
  <testcase time="0" classname="org.apache.commons.math3.complex.ComplexTest" name="testDivideZero"/>
  <testcase time="0" classname="org.apache.commons.math3.complex.ComplexTest" name="testEqualsNaN"/>
  <testcase time="0" classname="org.apache.commons.math3.complex.ComplexTest" name="testLogInf"/>
  <testcase time="0" classname="org.apache.commons.math3.complex.ComplexTest" name="testLogNaN"/>
  <testcase time="0" classname="org.apache.commons.math3.complex.ComplexTest" name="testNegate"/>
  <testcase time="0" classname="org.apache.commons.math3.complex.ComplexTest" name="testPowInf"/>
  <testcase time="0" classname="org.apache.commons.math3.complex.ComplexTest" name="testConjugateInfiinite"/>
  <testcase time="0" classname="org.apache.commons.math3.complex.ComplexTest" name="testSinhInf"/>
  <testcase time="0" classname="org.apache.commons.math3.complex.ComplexTest" name="testSinhNaN"/>
  <testcase time="0.005" classname="org.apache.commons.math3.complex.ComplexTest" name="testSerial"/>
  <testcase time="0.001" classname="org.apache.commons.math3.complex.ComplexTest" name="testSinInf"/>
  <testcase time="0" classname="org.apache.commons.math3.complex.ComplexTest" name="testSinNaN"/>
  <testcase time="0" classname="org.apache.commons.math3.complex.ComplexTest" name="testSqrt1z"/>
  <testcase time="0" classname="org.apache.commons.math3.complex.ComplexTest" name="testTanInf"/>
  <testcase time="0" classname="org.apache.commons.math3.complex.ComplexTest" name="testTanNaN"/>
  <testcase time="0" classname="org.apache.commons.math3.complex.ComplexTest" name="testNthRoot_normal_thirdRoot"/>
  <testcase time="0" classname="org.apache.commons.math3.complex.ComplexTest" name="testpowNull"/>
  <testcase time="0" classname="org.apache.commons.math3.complex.ComplexTest" name="testSubtractInf"/>
  <testcase time="0" classname="org.apache.commons.math3.complex.ComplexTest" name="testSubtractNaN"/>
  <testcase time="0" classname="org.apache.commons.math3.complex.ComplexTest" name="testAbsInfinite"/>
  <testcase time="0" classname="org.apache.commons.math3.complex.ComplexTest" name="testSqrtInf"/>
  <testcase time="0" classname="org.apache.commons.math3.complex.ComplexTest" name="testSqrtNaN"/>
  <testcase time="0.001" classname="org.apache.commons.math3.complex.ComplexTest" name="testDivideZeroZero"/>
  <testcase time="0" classname="org.apache.commons.math3.complex.ComplexTest" name="testConstructor"/>
  <testcase time="0" classname="org.apache.commons.math3.complex.ComplexTest" name="testScalarPowNaNExponent"/>
  <testcase time="0" classname="org.apache.commons.math3.complex.ComplexTest" name="testReciprocalImaginary"/>
</testsuite>