<?xml version="1.0" encoding="UTF-8" ?>
<testsuite failures="0" time="5.769" errors="0" skipped="0" tests="63" name="org.apache.commons.math3.random.ISAACTest">
  <properties>
[...]
</properties>
  <testcase time="0.004" classname="org.apache.commons.math3.random.ISAACTest" name="testReference"/>
  <testcase time="0" classname="org.apache.commons.math3.random.ISAACTest" name="testNextIntIAE2"/>
  <testcase time="0.79" classname="org.apache.commons.math3.random.ISAACTest" name="testNextIntDirect"/>
  <testcase time="0" classname="org.apache.commons.math3.random.ISAACTest" name="testNextFloatDirect"/>
  <testcase time="0" classname="org.apache.commons.math3.random.ISAACTest" name="testNextBooleanDirect"/>
  <testcase time="0" classname="org.apache.commons.math3.random.ISAACTest" name="testNextLongDirect"/>
  <testcase time="0" classname="org.apache.commons.math3.random.ISAACTest" name="testNexBoolean2"/>
  <testcase time="0.001" classname="org.apache.commons.math3.random.ISAACTest" name="testFloatDirect"/>
  <testcase time="0" classname="org.apache.commons.math3.random.ISAACTest" name="testSeeding"/>
  <testcase time="0.001" classname="org.apache.commons.math3.random.ISAACTest" name="testDoubleDirect"/>
  <testcase time="0" classname="org.apache.commons.math3.random.ISAACTest" name="testNextLong2"/>
  <testcase time="0.001" classname="org.apache.commons.math3.random.ISAACTest" name="testNextIntNeg"/>
  <testcase time="0.008" classname="org.apache.commons.math3.random.ISAACTest" name="testNexBytes"/>
  <testcase time="0.001" classname="org.apache.commons.math3.random.ISAACTest" name="testNextInt2"/>
  <testcase time="0.005" classname="org.apache.commons.math3.random.ISAACTest" name="testNextPascal"/>
  <testcase time="0.002" classname="org.apache.commons.math3.random.ISAACTest" name="testNextSample"/>
  <testcase time="0.006" classname="org.apache.commons.math3.random.ISAACTest" name="testNextLongNegativeRange"/>
  <testcase time="0.001" classname="org.apache.commons.math3.random.ISAACTest" name="testNextIntNegativeToPositiveRange"/>
  <testcase time="0.001" classname="org.apache.commons.math3.random.ISAACTest" name="testNextIntExtremeValues"/>
  <testcase time="0" classname="org.apache.commons.math3.random.ISAACTest" name="testNextUniformExclusiveEndpoints"/>
  <testcase time="0.001" classname="org.apache.commons.math3.random.ISAACTest" name="testNextGaussian"/>
  <testcase time="0" classname="org.apache.commons.math3.random.ISAACTest" name="testNextUniformExtremeValues"/>
  <testcase time="0" classname="org.apache.commons.math3.random.ISAACTest" name="testNextSecureLongIAE"/>
  <testcase time="0.019" classname="org.apache.commons.math3.random.ISAACTest" name="testNextF"/>
  <testcase time="0.013" classname="org.apache.commons.math3.random.ISAACTest" name="testNextT"/>
  <testcase time="0" classname="org.apache.commons.math3.random.ISAACTest" name="testNextSecureIntNegativeToPositiveRange"/>
  <testcase time="0.027" classname="org.apache.commons.math3.random.ISAACTest" name="testNextChiSquare"/>
  <testcase time="0" classname="org.apache.commons.math3.random.ISAACTest" name="testNextSecureHex"/>
  <testcase time="3.985" classname="org.apache.commons.math3.random.ISAACTest" name="testNextPoissonConsistency"/>
  <testcase time="0.004" classname="org.apache.commons.math3.random.ISAACTest" name="testNextHypergeometric"/>
  <testcase time="0" classname="org.apache.commons.math3.random.ISAACTest" name="testNextSecureLongPositiveRange"/>
  <testcase time="0" classname="org.apache.commons.math3.random.ISAACTest" name="testNextSecureIntPositiveRange"/>
  <testcase time="0.004" classname="org.apache.commons.math3.random.ISAACTest" name="testNextLongNegativeToPositiveRange"/>
  <testcase time="0.001" classname="org.apache.commons.math3.random.ISAACTest" name="testNextUniformUniformMaximalInterval"/>
  <testcase time="0" classname="org.apache.commons.math3.random.ISAACTest" name="testNextLongExtremeValues"/>
  <testcase time="0.001" classname="org.apache.commons.math3.random.ISAACTest" name="testNextExponential"/>
  <testcase time="0" classname="org.apache.commons.math3.random.ISAACTest" name="testNextSecureLongNegativeRange"/>
  <testcase time="0" classname="org.apache.commons.math3.random.ISAACTest" name="testNextSecureIntNegativeRange"/>
  <testcase time="0.007" classname="org.apache.commons.math3.random.ISAACTest" name="testNextPoisson"/>
  <testcase time="0.001" classname="org.apache.commons.math3.random.ISAACTest" name="testNextUniformUniformNegativeToPositiveBounds"/>
  <testcase time="0.001" classname="org.apache.commons.math3.random.ISAACTest" name="testNextPermutation"/>
  <testcase time="0.003" classname="org.apache.commons.math3.random.ISAACTest" name="testNextIntPositiveRange"/>
  <testcase time="0.001" classname="org.apache.commons.math3.random.ISAACTest" name="testNextSecureIntIAE"/>
  <testcase time="0" classname="org.apache.commons.math3.random.ISAACTest" name="testNextUniformIAE"/>
  <testcase time="0.001" classname="org.apache.commons.math3.random.ISAACTest" name="testNextUniformUniformNegaiveBounds"/>
  <testcase time="0.004" classname="org.apache.commons.math3.random.ISAACTest" name="testNextBinomial"/>
  <testcase time="0.001" classname="org.apache.commons.math3.random.ISAACTest" name="testNextLongIAE"/>
  <testcase time="0.001" classname="org.apache.commons.math3.random.ISAACTest" name="testConfig"/>
  <testcase time="0.074" classname="org.apache.commons.math3.random.ISAACTest" name="testNextIntWideRange"/>
  <testcase time="0" classname="org.apache.commons.math3.random.ISAACTest" name="testNextSecureLongNegativeToPositiveRange"/>
  <testcase time="0.003" classname="org.apache.commons.math3.random.ISAACTest" name="testNextIntNegativeRange"/>
  <testcase time="0.001" classname="org.apache.commons.math3.random.ISAACTest" name="testNextInversionDeviate"/>
  <testcase time="0.02" classname="org.apache.commons.math3.random.ISAACTest" name="testNextHex"/>
  <testcase time="0.73" classname="org.apache.commons.math3.random.ISAACTest" name="testNextLongWideRange"/>
  <testcase time="0.006" classname="org.apache.commons.math3.random.ISAACTest" name="testNextLongPositiveRange"/>
  <testcase time="0" classname="org.apache.commons.math3.random.ISAACTest" name="testReseed"/>
  <testcase time="0.001" classname="org.apache.commons.math3.random.ISAACTest" name="testNextCauchy"/>
  <testcase time="0.001" classname="org.apache.commons.math3.random.ISAACTest" name="testNextUniformUniformPositiveBounds"/>
  <testcase time="0.002" classname="org.apache.commons.math3.random.ISAACTest" name="testNextGamma"/>
  <testcase time="0.002" classname="org.apache.commons.math3.random.ISAACTest" name="testNextWeibull"/>
  <testcase time="0" classname="org.apache.commons.math3.random.ISAACTest" name="testNextIntIAE"/>
  <testcase time="0.009" classname="org.apache.commons.math3.random.ISAACTest" name="testNextBeta"/>
  <testcase time="0.014" classname="org.apache.commons.math3.random.ISAACTest" name="testNextZipf"/>
</testsuite>