<?xml version="1.0" encoding="UTF-8" ?>
<testsuite failures="0" time="2.701" errors="0" skipped="0" tests="124" name="org.apache.commons.math3.analysis.differentiation.DerivativeStructureTest">
  <properties>
[...]
</properties>
  <testcase time="0.001" classname="org.apache.commons.math3.analysis.differentiation.DerivativeStructureTest" name="testCeilFloorRintLong"/>
  <testcase time="0" classname="org.apache.commons.math3.analysis.differentiation.DerivativeStructureTest" name="testPrimitiveAdd"/>
  <testcase time="0.062" classname="org.apache.commons.math3.analysis.differentiation.DerivativeStructureTest" name="testTanAtan"/>
  <testcase time="0.021" classname="org.apache.commons.math3.analysis.differentiation.DerivativeStructureTest" name="testSqrtDefinition"/>
  <testcase time="0.027" classname="org.apache.commons.math3.analysis.differentiation.DerivativeStructureTest" name="testHypotDefinition"/>
  <testcase time="0.03" classname="org.apache.commons.math3.analysis.differentiation.DerivativeStructureTest" name="testLog1pDefinition"/>
  <testcase time="0" classname="org.apache.commons.math3.analysis.differentiation.DerivativeStructureTest" name="testLinearCombination1DSDS"/>
  <testcase time="0.219" classname="org.apache.commons.math3.analysis.differentiation.DerivativeStructureTest" name="testLinearCombination2DSDS"/>
  <testcase time="0.024" classname="org.apache.commons.math3.analysis.differentiation.DerivativeStructureTest" name="testExpm1Definition"/>
  <testcase time="0.028" classname="org.apache.commons.math3.analysis.differentiation.DerivativeStructureTest" name="testCoshDefinition"/>
  <testcase time="0.004" classname="org.apache.commons.math3.analysis.differentiation.DerivativeStructureTest" name="testSerialization"/>
  <testcase time="0" classname="org.apache.commons.math3.analysis.differentiation.DerivativeStructureTest" name="testAtan2SpecialCases"/>
  <testcase time="0" classname="org.apache.commons.math3.analysis.differentiation.DerivativeStructureTest" name="testAbs"/>
  <testcase time="0" classname="org.apache.commons.math3.analysis.differentiation.DerivativeStructureTest" name="testAdd"/>
  <testcase time="0.008" classname="org.apache.commons.math3.analysis.differentiation.DerivativeStructureTest" name="testExp"/>
  <testcase time="0.011" classname="org.apache.commons.math3.analysis.differentiation.DerivativeStructureTest" name="testLog"/>
  <testcase time="0.009" classname="org.apache.commons.math3.analysis.differentiation.DerivativeStructureTest" name="testPow"/>
  <testcase time="0" classname="org.apache.commons.math3.analysis.differentiation.DerivativeStructureTest" name="testWrongVariableIndex"/>
  <testcase time="0" classname="org.apache.commons.math3.analysis.differentiation.DerivativeStructureTest" name="testSubtract"/>
  <testcase time="0.02" classname="org.apache.commons.math3.analysis.differentiation.DerivativeStructureTest" name="testAtan2"/>
  <testcase time="0.001" classname="org.apache.commons.math3.analysis.differentiation.DerivativeStructureTest" name="testField"/>
  <testcase time="0.121" classname="org.apache.commons.math3.analysis.differentiation.DerivativeStructureTest" name="testTrigo"/>
  <testcase time="0" classname="org.apache.commons.math3.analysis.differentiation.DerivativeStructureTest" name="testOneParameterConstructor"/>
  <testcase time="0" classname="org.apache.commons.math3.analysis.differentiation.DerivativeStructureTest" name="testReciprocal"/>
  <testcase time="0.09" classname="org.apache.commons.math3.analysis.differentiation.DerivativeStructureTest" name="testLinearCombination2DoubleDS"/>
  <testcase time="0" classname="org.apache.commons.math3.analysis.differentiation.DerivativeStructureTest" name="testCreateConstant"/>
  <testcase time="0.041" classname="org.apache.commons.math3.analysis.differentiation.DerivativeStructureTest" name="testSinhAsinh"/>
  <testcase time="0.005" classname="org.apache.commons.math3.analysis.differentiation.DerivativeStructureTest" name="testPrimitiveRemainder"/>
  <testcase time="0.016" classname="org.apache.commons.math3.analysis.differentiation.DerivativeStructureTest" name="testLog1pExpm1"/>
  <testcase time="0.084" classname="org.apache.commons.math3.analysis.differentiation.DerivativeStructureTest" name="testToRadiansDefinition"/>
  <testcase time="0" classname="org.apache.commons.math3.analysis.differentiation.DerivativeStructureTest" name="testVariable"/>
  <testcase time="0.001" classname="org.apache.commons.math3.analysis.differentiation.DerivativeStructureTest" name="testPrimitiveMultiply"/>
  <testcase time="0" classname="org.apache.commons.math3.analysis.differentiation.DerivativeStructureTest" name="testHypotSpecial"/>
  <testcase time="0.001" classname="org.apache.commons.math3.analysis.differentiation.DerivativeStructureTest" name="testCompositionOneVariableX"/>
  <testcase time="0.001" classname="org.apache.commons.math3.analysis.differentiation.DerivativeStructureTest" name="testCompositionOneVariableY"/>
  <testcase time="0.011" classname="org.apache.commons.math3.analysis.differentiation.DerivativeStructureTest" name="testSqrtPow2"/>
  <testcase time="0.034" classname="org.apache.commons.math3.analysis.differentiation.DerivativeStructureTest" name="testCoshAcosh"/>
  <testcase time="0.028" classname="org.apache.commons.math3.analysis.differentiation.DerivativeStructureTest" name="testSinhDefinition"/>
  <testcase time="0" classname="org.apache.commons.math3.analysis.differentiation.DerivativeStructureTest" name="testConstant"/>
  <testcase time="0" classname="org.apache.commons.math3.analysis.differentiation.DerivativeStructureTest" name="testCopySign"/>
  <testcase time="0" classname="org.apache.commons.math3.analysis.differentiation.DerivativeStructureTest" name="testMissingOrders"/>
  <testcase time="0.011" classname="org.apache.commons.math3.analysis.differentiation.DerivativeStructureTest" name="testTangentDefinition"/>
  <testcase time="0.042" classname="org.apache.commons.math3.analysis.differentiation.DerivativeStructureTest" name="testCompose"/>
  <testcase time="0.017" classname="org.apache.commons.math3.analysis.differentiation.DerivativeStructureTest" name="testCosAcos"/>
  <testcase time="0.042" classname="org.apache.commons.math3.analysis.differentiation.DerivativeStructureTest" name="testTanhAtanh"/>
  <testcase time="0.001" classname="org.apache.commons.math3.analysis.differentiation.DerivativeStructureTest" name="testPowDoubleDS"/>
  <testcase time="0" classname="org.apache.commons.math3.analysis.differentiation.DerivativeStructureTest" name="testComposeMismatchedDimensions"/>
  <testcase time="0" classname="org.apache.commons.math3.analysis.differentiation.DerivativeStructureTest" name="testLinearCombination1DoubleDS"/>
  <testcase time="0" classname="org.apache.commons.math3.analysis.differentiation.DerivativeStructureTest" name="testHypotNoOverflow"/>
  <testcase time="0.302" classname="org.apache.commons.math3.analysis.differentiation.DerivativeStructureTest" name="testTaylorPolynomial"/>
  <testcase time="0" classname="org.apache.commons.math3.analysis.differentiation.DerivativeStructureTest" name="testPrimitiveSubtract"/>
  <testcase time="0.076" classname="org.apache.commons.math3.analysis.differentiation.DerivativeStructureTest" name="testDegRad"/>
  <testcase time="0" classname="org.apache.commons.math3.analysis.differentiation.DerivativeStructureTest" name="testMultiply"/>
  <testcase time="0" classname="org.apache.commons.math3.analysis.differentiation.DerivativeStructureTest" name="testTooLargeOrder"/>
  <testcase time="0.711" classname="org.apache.commons.math3.analysis.differentiation.DerivativeStructureTest" name="testPowReciprocalPow"/>
  <testcase time="0.015" classname="org.apache.commons.math3.analysis.differentiation.DerivativeStructureTest" name="testLogExp"/>
  <testcase time="0.015" classname="org.apache.commons.math3.analysis.differentiation.DerivativeStructureTest" name="testRemainder"/>
  <testcase time="0.001" classname="org.apache.commons.math3.analysis.differentiation.DerivativeStructureTest" name="testNegate"/>
  <testcase time="0" classname="org.apache.commons.math3.analysis.differentiation.DerivativeStructureTest" name="testHypotNeglectible"/>
  <testcase time="0.024" classname="org.apache.commons.math3.analysis.differentiation.DerivativeStructureTest" name="testCbrtPow3"/>
  <testcase time="0.035" classname="org.apache.commons.math3.analysis.differentiation.DerivativeStructureTest" name="testLog10Definition"/>
  <testcase time="0.03" classname="org.apache.commons.math3.analysis.differentiation.DerivativeStructureTest" name="testSinAsin"/>
  <testcase time="0" classname="org.apache.commons.math3.analysis.differentiation.DerivativeStructureTest" name="testSignum"/>
  <testcase time="0.039" classname="org.apache.commons.math3.analysis.differentiation.DerivativeStructureTest" name="testSinCos"/>
  <testcase time="0.004" classname="org.apache.commons.math3.analysis.differentiation.DerivativeStructureTest" name="testRootNSingularity"/>
  <testcase time="0.145" classname="org.apache.commons.math3.analysis.differentiation.DerivativeStructureTest" name="testExpression"/>
  <testcase time="0.001" classname="org.apache.commons.math3.analysis.differentiation.DerivativeStructureTest" name="testVariableWithoutDerivative0"/>
  <testcase time="0" classname="org.apache.commons.math3.analysis.differentiation.DerivativeStructureTest" name="testVariableWithoutDerivative1"/>
  <testcase time="0.032" classname="org.apache.commons.math3.analysis.differentiation.DerivativeStructureTest" name="testToDegreesDefinition"/>
  <testcase time="0.041" classname="org.apache.commons.math3.analysis.differentiation.DerivativeStructureTest" name="testLog10Power"/>
  <testcase time="0.029" classname="org.apache.commons.math3.analysis.differentiation.DerivativeStructureTest" name="testTanhDefinition"/>
  <testcase time="0" classname="org.apache.commons.math3.analysis.differentiation.DerivativeStructureTest" name="testOneOrderConstructor"/>
  <testcase time="0.021" classname="org.apache.commons.math3.analysis.differentiation.DerivativeStructureTest" name="testCbrtDefinition"/>
  <testcase time="0.072" classname="org.apache.commons.math3.analysis.differentiation.DerivativeStructureTest" name="testTaylorAtan2"/>
  <testcase time="0.002" classname="org.apache.commons.math3.analysis.differentiation.DerivativeStructureTest" name="testDivideField"/>
  <testcase time="0.002" classname="org.apache.commons.math3.analysis.differentiation.DerivativeStructureTest" name="testRemainderDouble"/>
  <testcase time="0" classname="org.apache.commons.math3.analysis.differentiation.DerivativeStructureTest" name="testGetField"/>
  <testcase time="0.001" classname="org.apache.commons.math3.analysis.differentiation.DerivativeStructureTest" name="testDivideDouble"/>
  <testcase time="0" classname="org.apache.commons.math3.analysis.differentiation.DerivativeStructureTest" name="testCos"/>
  <testcase time="0.001" classname="org.apache.commons.math3.analysis.differentiation.DerivativeStructureTest" name="testSin"/>
  <testcase time="0" classname="org.apache.commons.math3.analysis.differentiation.DerivativeStructureTest" name="testTan"/>
  <testcase time="0.001" classname="org.apache.commons.math3.analysis.differentiation.DerivativeStructureTest" name="testAcosh"/>
  <testcase time="0" classname="org.apache.commons.math3.analysis.differentiation.DerivativeStructureTest" name="testAsinh"/>
  <testcase time="0" classname="org.apache.commons.math3.analysis.differentiation.DerivativeStructureTest" name="testAtanh"/>
  <testcase time="0" classname="org.apache.commons.math3.analysis.differentiation.DerivativeStructureTest" name="testExpm1"/>
  <testcase time="0" classname="org.apache.commons.math3.analysis.differentiation.DerivativeStructureTest" name="testFloor"/>
  <testcase time="0.003" classname="org.apache.commons.math3.analysis.differentiation.DerivativeStructureTest" name="testHypot"/>
  <testcase time="0.001" classname="org.apache.commons.math3.analysis.differentiation.DerivativeStructureTest" name="testLog1p"/>
  <testcase time="0" classname="org.apache.commons.math3.analysis.differentiation.DerivativeStructureTest" name="testRootN"/>
  <testcase time="0.001" classname="org.apache.commons.math3.analysis.differentiation.DerivativeStructureTest" name="testRound"/>
  <testcase time="0.012" classname="org.apache.commons.math3.analysis.differentiation.DerivativeStructureTest" name="testScalb"/>
  <testcase time="0" classname="org.apache.commons.math3.analysis.differentiation.DerivativeStructureTest" name="testAcos"/>
  <testcase time="0" classname="org.apache.commons.math3.analysis.differentiation.DerivativeStructureTest" name="testAsin"/>
  <testcase time="0" classname="org.apache.commons.math3.analysis.differentiation.DerivativeStructureTest" name="testAtan"/>
  <testcase time="0" classname="org.apache.commons.math3.analysis.differentiation.DerivativeStructureTest" name="testCbrt"/>
  <testcase time="0" classname="org.apache.commons.math3.analysis.differentiation.DerivativeStructureTest" name="testCeil"/>
  <testcase time="0.001" classname="org.apache.commons.math3.analysis.differentiation.DerivativeStructureTest" name="testCosh"/>
  <testcase time="0" classname="org.apache.commons.math3.analysis.differentiation.DerivativeStructureTest" name="testHash"/>
  <testcase time="0.001" classname="org.apache.commons.math3.analysis.differentiation.DerivativeStructureTest" name="testRint"/>
  <testcase time="0" classname="org.apache.commons.math3.analysis.differentiation.DerivativeStructureTest" name="testSinh"/>
  <testcase time="0.001" classname="org.apache.commons.math3.analysis.differentiation.DerivativeStructureTest" name="testSqrt"/>
  <testcase time="0" classname="org.apache.commons.math3.analysis.differentiation.DerivativeStructureTest" name="testTanh"/>
  <testcase time="0.002" classname="org.apache.commons.math3.analysis.differentiation.DerivativeStructureTest" name="testAddField"/>
  <testcase time="0.001" classname="org.apache.commons.math3.analysis.differentiation.DerivativeStructureTest" name="testMultiplyDouble"/>
  <testcase time="0.001" classname="org.apache.commons.math3.analysis.differentiation.DerivativeStructureTest" name="testMultiplyInt"/>
  <testcase time="0.001" classname="org.apache.commons.math3.analysis.differentiation.DerivativeStructureTest" name="testLinearCombinationDaFa"/>
  <testcase time="0.002" classname="org.apache.commons.math3.analysis.differentiation.DerivativeStructureTest" name="testLinearCombinationFaFa"/>
  <testcase time="0.001" classname="org.apache.commons.math3.analysis.differentiation.DerivativeStructureTest" name="testAddDouble"/>
  <testcase time="0.002" classname="org.apache.commons.math3.analysis.differentiation.DerivativeStructureTest" name="testPowDouble"/>
  <testcase time="0.002" classname="org.apache.commons.math3.analysis.differentiation.DerivativeStructureTest" name="testSubtractDouble"/>
  <testcase time="0.003" classname="org.apache.commons.math3.analysis.differentiation.DerivativeStructureTest" name="testRemainderField"/>
  <testcase time="0.002" classname="org.apache.commons.math3.analysis.differentiation.DerivativeStructureTest" name="testCopySignDouble"/>
  <testcase time="0" classname="org.apache.commons.math3.analysis.differentiation.DerivativeStructureTest" name="testLinearCombinationDF2"/>
  <testcase time="0" classname="org.apache.commons.math3.analysis.differentiation.DerivativeStructureTest" name="testLinearCombinationDF3"/>
  <testcase time="0" classname="org.apache.commons.math3.analysis.differentiation.DerivativeStructureTest" name="testLinearCombinationDF4"/>
  <testcase time="0" classname="org.apache.commons.math3.analysis.differentiation.DerivativeStructureTest" name="testLinearCombinationFF2"/>
  <testcase time="0.002" classname="org.apache.commons.math3.analysis.differentiation.DerivativeStructureTest" name="testLinearCombinationFF3"/>
  <testcase time="0" classname="org.apache.commons.math3.analysis.differentiation.DerivativeStructureTest" name="testLinearCombinationFF4"/>
  <testcase time="0" classname="org.apache.commons.math3.analysis.differentiation.DerivativeStructureTest" name="testEquals"/>
  <testcase time="0.002" classname="org.apache.commons.math3.analysis.differentiation.DerivativeStructureTest" name="testCopySignField"/>
  <testcase time="0.002" classname="org.apache.commons.math3.analysis.differentiation.DerivativeStructureTest" name="testPowField"/>
  <testcase time="0" classname="org.apache.commons.math3.analysis.differentiation.DerivativeStructureTest" name="testPowInt"/>
  <testcase time="0.001" classname="org.apache.commons.math3.analysis.differentiation.DerivativeStructureTest" name="testMultiplyField"/>
  <testcase time="0.002" classname="org.apache.commons.math3.analysis.differentiation.DerivativeStructureTest" name="testSubtractField"/>
</testsuite>