<?xml version="1.0" encoding="UTF-8" ?>
<testsuite failures="0" time="5.811" errors="0" skipped="0" tests="62" name="org.apache.commons.math3.random.AbstractRandomGeneratorTest">
  <properties>
[...]
</properties>
  <testcase time="0" classname="org.apache.commons.math3.random.AbstractRandomGeneratorTest" name="testNextIntIAE2"/>
  <testcase time="0.89" classname="org.apache.commons.math3.random.AbstractRandomGeneratorTest" name="testNextIntDirect"/>
  <testcase time="0" classname="org.apache.commons.math3.random.AbstractRandomGeneratorTest" name="testNextFloatDirect"/>
  <testcase time="0.001" classname="org.apache.commons.math3.random.AbstractRandomGeneratorTest" name="testNextBooleanDirect"/>
  <testcase time="0" classname="org.apache.commons.math3.random.AbstractRandomGeneratorTest" name="testNextLongDirect"/>
  <testcase time="0.002" classname="org.apache.commons.math3.random.AbstractRandomGeneratorTest" name="testNexBoolean2"/>
  <testcase time="0.001" classname="org.apache.commons.math3.random.AbstractRandomGeneratorTest" name="testFloatDirect"/>
  <testcase time="0" classname="org.apache.commons.math3.random.AbstractRandomGeneratorTest" name="testSeeding"/>
  <testcase time="0.002" classname="org.apache.commons.math3.random.AbstractRandomGeneratorTest" name="testDoubleDirect"/>
  <testcase time="0" classname="org.apache.commons.math3.random.AbstractRandomGeneratorTest" name="testNextLong2"/>
  <testcase time="0" classname="org.apache.commons.math3.random.AbstractRandomGeneratorTest" name="testNextIntNeg"/>
  <testcase time="0.026" classname="org.apache.commons.math3.random.AbstractRandomGeneratorTest" name="testNexBytes"/>
  <testcase time="0.001" classname="org.apache.commons.math3.random.AbstractRandomGeneratorTest" name="testNextInt2"/>
  <testcase time="0.004" classname="org.apache.commons.math3.random.AbstractRandomGeneratorTest" name="testNextPascal"/>
  <testcase time="0.002" classname="org.apache.commons.math3.random.AbstractRandomGeneratorTest" name="testNextSample"/>
  <testcase time="0.006" classname="org.apache.commons.math3.random.AbstractRandomGeneratorTest" name="testNextLongNegativeRange"/>
  <testcase time="0.002" classname="org.apache.commons.math3.random.AbstractRandomGeneratorTest" name="testNextIntNegativeToPositiveRange"/>
  <testcase time="0" classname="org.apache.commons.math3.random.AbstractRandomGeneratorTest" name="testNextIntExtremeValues"/>
  <testcase time="0" classname="org.apache.commons.math3.random.AbstractRandomGeneratorTest" name="testNextUniformExclusiveEndpoints"/>
  <testcase time="0.001" classname="org.apache.commons.math3.random.AbstractRandomGeneratorTest" name="testNextGaussian"/>
  <testcase time="0" classname="org.apache.commons.math3.random.AbstractRandomGeneratorTest" name="testNextUniformExtremeValues"/>
  <testcase time="0" classname="org.apache.commons.math3.random.AbstractRandomGeneratorTest" name="testNextSecureLongIAE"/>
  <testcase time="0.019" classname="org.apache.commons.math3.random.AbstractRandomGeneratorTest" name="testNextF"/>
  <testcase time="0.015" classname="org.apache.commons.math3.random.AbstractRandomGeneratorTest" name="testNextT"/>
  <testcase time="0" classname="org.apache.commons.math3.random.AbstractRandomGeneratorTest" name="testNextSecureIntNegativeToPositiveRange"/>
  <testcase time="0.025" classname="org.apache.commons.math3.random.AbstractRandomGeneratorTest" name="testNextChiSquare"/>
  <testcase time="0" classname="org.apache.commons.math3.random.AbstractRandomGeneratorTest" name="testNextSecureHex"/>
  <testcase time="3.808" classname="org.apache.commons.math3.random.AbstractRandomGeneratorTest" name="testNextPoissonConsistency"/>
  <testcase time="0.004" classname="org.apache.commons.math3.random.AbstractRandomGeneratorTest" name="testNextHypergeometric"/>
  <testcase time="0" classname="org.apache.commons.math3.random.AbstractRandomGeneratorTest" name="testNextSecureLongPositiveRange"/>
  <testcase time="0" classname="org.apache.commons.math3.random.AbstractRandomGeneratorTest" name="testNextSecureIntPositiveRange"/>
  <testcase time="0.006" classname="org.apache.commons.math3.random.AbstractRandomGeneratorTest" name="testNextLongNegativeToPositiveRange"/>
  <testcase time="0.001" classname="org.apache.commons.math3.random.AbstractRandomGeneratorTest" name="testNextUniformUniformMaximalInterval"/>
  <testcase time="0" classname="org.apache.commons.math3.random.AbstractRandomGeneratorTest" name="testNextLongExtremeValues"/>
  <testcase time="0" classname="org.apache.commons.math3.random.AbstractRandomGeneratorTest" name="testNextExponential"/>
  <testcase time="0" classname="org.apache.commons.math3.random.AbstractRandomGeneratorTest" name="testNextSecureLongNegativeRange"/>
  <testcase time="0" classname="org.apache.commons.math3.random.AbstractRandomGeneratorTest" name="testNextSecureIntNegativeRange"/>
  <testcase time="0.006" classname="org.apache.commons.math3.random.AbstractRandomGeneratorTest" name="testNextPoisson"/>
  <testcase time="0.001" classname="org.apache.commons.math3.random.AbstractRandomGeneratorTest" name="testNextUniformUniformNegativeToPositiveBounds"/>
  <testcase time="0.001" classname="org.apache.commons.math3.random.AbstractRandomGeneratorTest" name="testNextPermutation"/>
  <testcase time="0.005" classname="org.apache.commons.math3.random.AbstractRandomGeneratorTest" name="testNextIntPositiveRange"/>
  <testcase time="0" classname="org.apache.commons.math3.random.AbstractRandomGeneratorTest" name="testNextSecureIntIAE"/>
  <testcase time="0" classname="org.apache.commons.math3.random.AbstractRandomGeneratorTest" name="testNextUniformIAE"/>
  <testcase time="0.001" classname="org.apache.commons.math3.random.AbstractRandomGeneratorTest" name="testNextUniformUniformNegaiveBounds"/>
  <testcase time="0.003" classname="org.apache.commons.math3.random.AbstractRandomGeneratorTest" name="testNextBinomial"/>
  <testcase time="0" classname="org.apache.commons.math3.random.AbstractRandomGeneratorTest" name="testNextLongIAE"/>
  <testcase time="0" classname="org.apache.commons.math3.random.AbstractRandomGeneratorTest" name="testConfig"/>
  <testcase time="0.089" classname="org.apache.commons.math3.random.AbstractRandomGeneratorTest" name="testNextIntWideRange"/>
  <testcase time="0" classname="org.apache.commons.math3.random.AbstractRandomGeneratorTest" name="testNextSecureLongNegativeToPositiveRange"/>
  <testcase time="0.003" classname="org.apache.commons.math3.random.AbstractRandomGeneratorTest" name="testNextIntNegativeRange"/>
  <testcase time="0" classname="org.apache.commons.math3.random.AbstractRandomGeneratorTest" name="testNextInversionDeviate"/>
  <testcase time="0.018" classname="org.apache.commons.math3.random.AbstractRandomGeneratorTest" name="testNextHex"/>
  <testcase time="0.817" classname="org.apache.commons.math3.random.AbstractRandomGeneratorTest" name="testNextLongWideRange"/>
  <testcase time="0.006" classname="org.apache.commons.math3.random.AbstractRandomGeneratorTest" name="testNextLongPositiveRange"/>
  <testcase time="0" classname="org.apache.commons.math3.random.AbstractRandomGeneratorTest" name="testReseed"/>
  <testcase time="0" classname="org.apache.commons.math3.random.AbstractRandomGeneratorTest" name="testNextCauchy"/>
  <testcase time="0.002" classname="org.apache.commons.math3.random.AbstractRandomGeneratorTest" name="testNextUniformUniformPositiveBounds"/>
  <testcase time="0.003" classname="org.apache.commons.math3.random.AbstractRandomGeneratorTest" name="testNextGamma"/>
  <testcase time="0.001" classname="org.apache.commons.math3.random.AbstractRandomGeneratorTest" name="testNextWeibull"/>
  <testcase time="0" classname="org.apache.commons.math3.random.AbstractRandomGeneratorTest" name="testNextIntIAE"/>
  <testcase time="0.012" classname="org.apache.commons.math3.random.AbstractRandomGeneratorTest" name="testNextBeta"/>
  <testcase time="0.016" classname="org.apache.commons.math3.random.AbstractRandomGeneratorTest" name="testNextZipf"/>
</testsuite>