<?xml version="1.0" encoding="UTF-8" ?>
<testsuite failures="0" time="0.398" errors="0" skipped="0" tests="48" name="org.apache.commons.math3.linear.BlockRealMatrixTest">
  <properties>
[...]
</properties>
  <testcase time="0.132" classname="org.apache.commons.math3.linear.BlockRealMatrixTest" name="testOperatePremultiplyLarge"/>
  <testcase time="0.003" classname="org.apache.commons.math3.linear.BlockRealMatrixTest" name="testGetSetRowMatrixLarge"/>
  <testcase time="0" classname="org.apache.commons.math3.linear.BlockRealMatrixTest" name="testFrobeniusNorm"/>
  <testcase time="0" classname="org.apache.commons.math3.linear.BlockRealMatrixTest" name="testOperate"/>
  <testcase time="0" classname="org.apache.commons.math3.linear.BlockRealMatrixTest" name="testExamples"/>
  <testcase time="0" classname="org.apache.commons.math3.linear.BlockRealMatrixTest" name="testGetEntry"/>
  <testcase time="0" classname="org.apache.commons.math3.linear.BlockRealMatrixTest" name="testAddFail"/>
  <testcase time="0.007" classname="org.apache.commons.math3.linear.BlockRealMatrixTest" name="testGetSetColumnLarge"/>
  <testcase time="0" classname="org.apache.commons.math3.linear.BlockRealMatrixTest" name="testAdd"/>
  <testcase time="0" classname="org.apache.commons.math3.linear.BlockRealMatrixTest" name="testScalarAdd"/>
  <testcase time="0.001" classname="org.apache.commons.math3.linear.BlockRealMatrixTest" name="testTrace"/>
  <testcase time="0" classname="org.apache.commons.math3.linear.BlockRealMatrixTest" name="testNorm"/>
  <testcase time="0.043" classname="org.apache.commons.math3.linear.BlockRealMatrixTest" name="testWalk"/>
  <testcase time="0" classname="org.apache.commons.math3.linear.BlockRealMatrixTest" name="testToString"/>
  <testcase time="0.025" classname="org.apache.commons.math3.linear.BlockRealMatrixTest" name="testGetSetMatrixLarge"/>
  <testcase time="0.01" classname="org.apache.commons.math3.linear.BlockRealMatrixTest" name="testGetSetRowVectorLarge"/>
  <testcase time="0" classname="org.apache.commons.math3.linear.BlockRealMatrixTest" name="testSetRowMatrix"/>
  <testcase time="0.031" classname="org.apache.commons.math3.linear.BlockRealMatrixTest" name="testSeveralBlocks"/>
  <testcase time="0" classname="org.apache.commons.math3.linear.BlockRealMatrixTest" name="testPlusMinus"/>
  <testcase time="0" classname="org.apache.commons.math3.linear.BlockRealMatrixTest" name="testSetRowVector"/>
  <testcase time="0" classname="org.apache.commons.math3.linear.BlockRealMatrixTest" name="testMultiply2"/>
  <testcase time="0" classname="org.apache.commons.math3.linear.BlockRealMatrixTest" name="testDimensions"/>
  <testcase time="0" classname="org.apache.commons.math3.linear.BlockRealMatrixTest" name="testCopySubMatrix"/>
  <testcase time="0.008" classname="org.apache.commons.math3.linear.BlockRealMatrixTest" name="testGetSetRowLarge"/>
  <testcase time="0" classname="org.apache.commons.math3.linear.BlockRealMatrixTest" name="testPremultiplyVector"/>
  <testcase time="0.002" classname="org.apache.commons.math3.linear.BlockRealMatrixTest" name="testCopyFunctions"/>
  <testcase time="0.001" classname="org.apache.commons.math3.linear.BlockRealMatrixTest" name="testGetSubMatrix"/>
  <testcase time="0" classname="org.apache.commons.math3.linear.BlockRealMatrixTest" name="testMath209"/>
  <testcase time="0.115" classname="org.apache.commons.math3.linear.BlockRealMatrixTest" name="testOperateLarge"/>
  <testcase time="0" classname="org.apache.commons.math3.linear.BlockRealMatrixTest" name="testGetVectors"/>
  <testcase time="0.003" classname="org.apache.commons.math3.linear.BlockRealMatrixTest" name="testGetSetColumnMatrixLarge"/>
  <testcase time="0.001" classname="org.apache.commons.math3.linear.BlockRealMatrixTest" name="testSetColumn"/>
  <testcase time="0" classname="org.apache.commons.math3.linear.BlockRealMatrixTest" name="testGetColumnMatrix"/>
  <testcase time="0" classname="org.apache.commons.math3.linear.BlockRealMatrixTest" name="testGetColumn"/>
  <testcase time="0" classname="org.apache.commons.math3.linear.BlockRealMatrixTest" name="testGetColumnVector"/>
  <testcase time="0.001" classname="org.apache.commons.math3.linear.BlockRealMatrixTest" name="testMultiply"/>
  <testcase time="0" classname="org.apache.commons.math3.linear.BlockRealMatrixTest" name="testGetRow"/>
  <testcase time="0" classname="org.apache.commons.math3.linear.BlockRealMatrixTest" name="testEqualsAndHashCode"/>
  <testcase time="0.003" classname="org.apache.commons.math3.linear.BlockRealMatrixTest" name="testGetSetColumnVectorLarge"/>
  <testcase time="0.002" classname="org.apache.commons.math3.linear.BlockRealMatrixTest" name="testSerial"/>
  <testcase time="0" classname="org.apache.commons.math3.linear.BlockRealMatrixTest" name="testSetRow"/>
  <testcase time="0" classname="org.apache.commons.math3.linear.BlockRealMatrixTest" name="testTranspose"/>
  <testcase time="0" classname="org.apache.commons.math3.linear.BlockRealMatrixTest" name="testSetColumnMatrix"/>
  <testcase time="0" classname="org.apache.commons.math3.linear.BlockRealMatrixTest" name="testPremultiply"/>
  <testcase time="0" classname="org.apache.commons.math3.linear.BlockRealMatrixTest" name="testGetRowMatrix"/>
  <testcase time="0.001" classname="org.apache.commons.math3.linear.BlockRealMatrixTest" name="testSetColumnVector"/>
  <testcase time="0" classname="org.apache.commons.math3.linear.BlockRealMatrixTest" name="testSetSubMatrix"/>
  <testcase time="0" classname="org.apache.commons.math3.linear.BlockRealMatrixTest" name="testGetRowVector"/>
</testsuite>