<?xml version="1.0" encoding="UTF-8" ?>
<testsuite failures="0" time="5.845" errors="0" skipped="0" tests="63" name="org.apache.commons.math3.random.Well19937cTest">
  <properties>
[...]
</properties>
  <testcase time="0" classname="org.apache.commons.math3.random.Well19937cTest" name="testReferenceCode"/>
  <testcase time="0" classname="org.apache.commons.math3.random.Well19937cTest" name="testNextIntIAE2"/>
  <testcase time="1.05" classname="org.apache.commons.math3.random.Well19937cTest" name="testNextIntDirect"/>
  <testcase time="0.001" classname="org.apache.commons.math3.random.Well19937cTest" name="testNextFloatDirect"/>
  <testcase time="0" classname="org.apache.commons.math3.random.Well19937cTest" name="testNextBooleanDirect"/>
  <testcase time="0.001" classname="org.apache.commons.math3.random.Well19937cTest" name="testNextLongDirect"/>
  <testcase time="0.002" classname="org.apache.commons.math3.random.Well19937cTest" name="testNexBoolean2"/>
  <testcase time="0" classname="org.apache.commons.math3.random.Well19937cTest" name="testFloatDirect"/>
  <testcase time="0" classname="org.apache.commons.math3.random.Well19937cTest" name="testSeeding"/>
  <testcase time="0.002" classname="org.apache.commons.math3.random.Well19937cTest" name="testDoubleDirect"/>
  <testcase time="0" classname="org.apache.commons.math3.random.Well19937cTest" name="testNextLong2"/>
  <testcase time="0" classname="org.apache.commons.math3.random.Well19937cTest" name="testNextIntNeg"/>
  <testcase time="0.054" classname="org.apache.commons.math3.random.Well19937cTest" name="testNexBytes"/>
  <testcase time="0.002" classname="org.apache.commons.math3.random.Well19937cTest" name="testNextInt2"/>
  <testcase time="0.008" classname="org.apache.commons.math3.random.Well19937cTest" name="testNextPascal"/>
  <testcase time="0.012" classname="org.apache.commons.math3.random.Well19937cTest" name="testNextSample"/>
  <testcase time="0.025" classname="org.apache.commons.math3.random.Well19937cTest" name="testNextLongNegativeRange"/>
  <testcase time="0.01" classname="org.apache.commons.math3.random.Well19937cTest" name="testNextIntNegativeToPositiveRange"/>
  <testcase time="0" classname="org.apache.commons.math3.random.Well19937cTest" name="testNextIntExtremeValues"/>
  <testcase time="0.001" classname="org.apache.commons.math3.random.Well19937cTest" name="testNextUniformExclusiveEndpoints"/>
  <testcase time="0.001" classname="org.apache.commons.math3.random.Well19937cTest" name="testNextGaussian"/>
  <testcase time="0" classname="org.apache.commons.math3.random.Well19937cTest" name="testNextUniformExtremeValues"/>
  <testcase time="0.001" classname="org.apache.commons.math3.random.Well19937cTest" name="testNextSecureLongIAE"/>
  <testcase time="0.029" classname="org.apache.commons.math3.random.Well19937cTest" name="testNextF"/>
  <testcase time="0.022" classname="org.apache.commons.math3.random.Well19937cTest" name="testNextT"/>
  <testcase time="0" classname="org.apache.commons.math3.random.Well19937cTest" name="testNextSecureIntNegativeToPositiveRange"/>
  <testcase time="0.047" classname="org.apache.commons.math3.random.Well19937cTest" name="testNextChiSquare"/>
  <testcase time="0" classname="org.apache.commons.math3.random.Well19937cTest" name="testNextSecureHex"/>
  <testcase time="3.507" classname="org.apache.commons.math3.random.Well19937cTest" name="testNextPoissonConsistency"/>
  <testcase time="0.005" classname="org.apache.commons.math3.random.Well19937cTest" name="testNextHypergeometric"/>
  <testcase time="0" classname="org.apache.commons.math3.random.Well19937cTest" name="testNextSecureLongPositiveRange"/>
  <testcase time="0" classname="org.apache.commons.math3.random.Well19937cTest" name="testNextSecureIntPositiveRange"/>
  <testcase time="0.005" classname="org.apache.commons.math3.random.Well19937cTest" name="testNextLongNegativeToPositiveRange"/>
  <testcase time="0.003" classname="org.apache.commons.math3.random.Well19937cTest" name="testNextUniformUniformMaximalInterval"/>
  <testcase time="0" classname="org.apache.commons.math3.random.Well19937cTest" name="testNextLongExtremeValues"/>
  <testcase time="0.002" classname="org.apache.commons.math3.random.Well19937cTest" name="testNextExponential"/>
  <testcase time="0" classname="org.apache.commons.math3.random.Well19937cTest" name="testNextSecureLongNegativeRange"/>
  <testcase time="0" classname="org.apache.commons.math3.random.Well19937cTest" name="testNextSecureIntNegativeRange"/>
  <testcase time="0.01" classname="org.apache.commons.math3.random.Well19937cTest" name="testNextPoisson"/>
  <testcase time="0.005" classname="org.apache.commons.math3.random.Well19937cTest" name="testNextUniformUniformNegativeToPositiveBounds"/>
  <testcase time="0.002" classname="org.apache.commons.math3.random.Well19937cTest" name="testNextPermutation"/>
  <testcase time="0.008" classname="org.apache.commons.math3.random.Well19937cTest" name="testNextIntPositiveRange"/>
  <testcase time="0" classname="org.apache.commons.math3.random.Well19937cTest" name="testNextSecureIntIAE"/>
  <testcase time="0" classname="org.apache.commons.math3.random.Well19937cTest" name="testNextUniformIAE"/>
  <testcase time="0.003" classname="org.apache.commons.math3.random.Well19937cTest" name="testNextUniformUniformNegaiveBounds"/>
  <testcase time="0.007" classname="org.apache.commons.math3.random.Well19937cTest" name="testNextBinomial"/>
  <testcase time="0.001" classname="org.apache.commons.math3.random.Well19937cTest" name="testNextLongIAE"/>
  <testcase time="0.002" classname="org.apache.commons.math3.random.Well19937cTest" name="testConfig"/>
  <testcase time="0.077" classname="org.apache.commons.math3.random.Well19937cTest" name="testNextIntWideRange"/>
  <testcase time="0" classname="org.apache.commons.math3.random.Well19937cTest" name="testNextSecureLongNegativeToPositiveRange"/>
  <testcase time="0.003" classname="org.apache.commons.math3.random.Well19937cTest" name="testNextIntNegativeRange"/>
  <testcase time="0" classname="org.apache.commons.math3.random.Well19937cTest" name="testNextInversionDeviate"/>
  <testcase time="0.054" classname="org.apache.commons.math3.random.Well19937cTest" name="testNextHex"/>
  <testcase time="0.824" classname="org.apache.commons.math3.random.Well19937cTest" name="testNextLongWideRange"/>
  <testcase time="0.007" classname="org.apache.commons.math3.random.Well19937cTest" name="testNextLongPositiveRange"/>
  <testcase time="0" classname="org.apache.commons.math3.random.Well19937cTest" name="testReseed"/>
  <testcase time="0.001" classname="org.apache.commons.math3.random.Well19937cTest" name="testNextCauchy"/>
  <testcase time="0.001" classname="org.apache.commons.math3.random.Well19937cTest" name="testNextUniformUniformPositiveBounds"/>
  <testcase time="0.004" classname="org.apache.commons.math3.random.Well19937cTest" name="testNextGamma"/>
  <testcase time="0.001" classname="org.apache.commons.math3.random.Well19937cTest" name="testNextWeibull"/>
  <testcase time="0" classname="org.apache.commons.math3.random.Well19937cTest" name="testNextIntIAE"/>
  <testcase time="0.012" classname="org.apache.commons.math3.random.Well19937cTest" name="testNextBeta"/>
  <testcase time="0.019" classname="org.apache.commons.math3.random.Well19937cTest" name="testNextZipf"/>
</testsuite>