<?xml version="1.0" encoding="UTF-8" ?>
<testsuite failures="0" time="0.158" errors="0" skipped="0" tests="31" name="org.apache.commons.math3.geometry.euclidean.threed.FieldVector3DTest">
  <properties>
[...]
</properties>
  <testcase time="0" classname="org.apache.commons.math3.geometry.euclidean.threed.FieldVector3DTest" name="testVectorialProducts"/>
  <testcase time="0" classname="org.apache.commons.math3.geometry.euclidean.threed.FieldVector3DTest" name="testAccurateCrossProduct"/>
  <testcase time="0" classname="org.apache.commons.math3.geometry.euclidean.threed.FieldVector3DTest" name="testCrossProductCancellation"/>
  <testcase time="0" classname="org.apache.commons.math3.geometry.euclidean.threed.FieldVector3DTest" name="testAdd"/>
  <testcase time="0" classname="org.apache.commons.math3.geometry.euclidean.threed.FieldVector3DTest" name="testNaN"/>
  <testcase time="0" classname="org.apache.commons.math3.geometry.euclidean.threed.FieldVector3DTest" name="testDistanceInf"/>
  <testcase time="0" classname="org.apache.commons.math3.geometry.euclidean.threed.FieldVector3DTest" name="testSubtract"/>
  <testcase time="0" classname="org.apache.commons.math3.geometry.euclidean.threed.FieldVector3DTest" name="testAngular"/>
  <testcase time="0" classname="org.apache.commons.math3.geometry.euclidean.threed.FieldVector3DTest" name="testAngle"/>
  <testcase time="0.001" classname="org.apache.commons.math3.geometry.euclidean.threed.FieldVector3DTest" name="testNorm1"/>
  <testcase time="0" classname="org.apache.commons.math3.geometry.euclidean.threed.FieldVector3DTest" name="testWrongDimension"/>
  <testcase time="0" classname="org.apache.commons.math3.geometry.euclidean.threed.FieldVector3DTest" name="testHash"/>
  <testcase time="0" classname="org.apache.commons.math3.geometry.euclidean.threed.FieldVector3DTest" name="testNorm"/>
  <testcase time="0.001" classname="org.apache.commons.math3.geometry.euclidean.threed.FieldVector3DTest" name="testToString"/>
  <testcase time="0" classname="org.apache.commons.math3.geometry.euclidean.threed.FieldVector3DTest" name="testConstructors"/>
  <testcase time="0.001" classname="org.apache.commons.math3.geometry.euclidean.threed.FieldVector3DTest" name="testScalarProduct"/>
  <testcase time="0.046" classname="org.apache.commons.math3.geometry.euclidean.threed.FieldVector3DTest" name="testDotProduct"/>
  <testcase time="0.1" classname="org.apache.commons.math3.geometry.euclidean.threed.FieldVector3DTest" name="testCrossProduct"/>
  <testcase time="0" classname="org.apache.commons.math3.geometry.euclidean.threed.FieldVector3DTest" name="testOrthogonal"/>
  <testcase time="0" classname="org.apache.commons.math3.geometry.euclidean.threed.FieldVector3DTest" name="testAngularSeparation"/>
  <testcase time="0" classname="org.apache.commons.math3.geometry.euclidean.threed.FieldVector3DTest" name="testInfinite"/>
  <testcase time="0.001" classname="org.apache.commons.math3.geometry.euclidean.threed.FieldVector3DTest" name="testNormalize"/>
  <testcase time="0" classname="org.apache.commons.math3.geometry.euclidean.threed.FieldVector3DTest" name="testDistance"/>
  <testcase time="0" classname="org.apache.commons.math3.geometry.euclidean.threed.FieldVector3DTest" name="testDistance1"/>
  <testcase time="0.001" classname="org.apache.commons.math3.geometry.euclidean.threed.FieldVector3DTest" name="testCoordinates"/>
  <testcase time="0" classname="org.apache.commons.math3.geometry.euclidean.threed.FieldVector3DTest" name="testEquals"/>
  <testcase time="0" classname="org.apache.commons.math3.geometry.euclidean.threed.FieldVector3DTest" name="testAccurateDotProduct"/>
  <testcase time="0.001" classname="org.apache.commons.math3.geometry.euclidean.threed.FieldVector3DTest" name="testNegate"/>
  <testcase time="0" classname="org.apache.commons.math3.geometry.euclidean.threed.FieldVector3DTest" name="testNormSq"/>
  <testcase time="0" classname="org.apache.commons.math3.geometry.euclidean.threed.FieldVector3DTest" name="testDistanceSq"/>
  <testcase time="0.001" classname="org.apache.commons.math3.geometry.euclidean.threed.FieldVector3DTest" name="testNormInf"/>
</testsuite>