<?xml version="1.0" encoding="UTF-8" ?>
<testsuite failures="0" time="0.47" errors="0" skipped="0" tests="21" name="org.apache.commons.math3.stat.regression.GLSMultipleLinearRegressionTest">
  <properties>
[...]
</properties>
  <testcase time="0.464" classname="org.apache.commons.math3.stat.regression.GLSMultipleLinearRegressionTest" name="testGLSEfficiency"/>
  <testcase time="0" classname="org.apache.commons.math3.stat.regression.GLSMultipleLinearRegressionTest" name="cannotAddNullYSampleData"/>
  <testcase time="0" classname="org.apache.commons.math3.stat.regression.GLSMultipleLinearRegressionTest" name="cannotAddCovarianceDataThatIsNotSquare"/>
  <testcase time="0" classname="org.apache.commons.math3.stat.regression.GLSMultipleLinearRegressionTest" name="notEnoughData"/>
  <testcase time="0" classname="org.apache.commons.math3.stat.regression.GLSMultipleLinearRegressionTest" name="testGLSOLSConsistency"/>
  <testcase time="0" classname="org.apache.commons.math3.stat.regression.GLSMultipleLinearRegressionTest" name="cannotAddNullCovarianceData"/>
  <testcase time="0" classname="org.apache.commons.math3.stat.regression.GLSMultipleLinearRegressionTest" name="cannotAddCovarianceDataWithSampleSizeMismatch"/>
  <testcase time="0" classname="org.apache.commons.math3.stat.regression.GLSMultipleLinearRegressionTest" name="testYVariance"/>
  <testcase time="0" classname="org.apache.commons.math3.stat.regression.GLSMultipleLinearRegressionTest" name="cannotAddSampleDataWithSizeMismatch"/>
  <testcase time="0" classname="org.apache.commons.math3.stat.regression.GLSMultipleLinearRegressionTest" name="cannotAddXSampleData"/>
  <testcase time="0" classname="org.apache.commons.math3.stat.regression.GLSMultipleLinearRegressionTest" name="testNewSample2"/>
  <testcase time="0" classname="org.apache.commons.math3.stat.regression.GLSMultipleLinearRegressionTest" name="canEstimateResiduals"/>
  <testcase time="0" classname="org.apache.commons.math3.stat.regression.GLSMultipleLinearRegressionTest" name="canEstimateRegressandVariance"/>
  <testcase time="0" classname="org.apache.commons.math3.stat.regression.GLSMultipleLinearRegressionTest" name="testNewSampleInsufficientData"/>
  <testcase time="0" classname="org.apache.commons.math3.stat.regression.GLSMultipleLinearRegressionTest" name="testNewSample"/>
  <testcase time="0.001" classname="org.apache.commons.math3.stat.regression.GLSMultipleLinearRegressionTest" name="canEstimateRegressionParameters"/>
  <testcase time="0" classname="org.apache.commons.math3.stat.regression.GLSMultipleLinearRegressionTest" name="canEstimateRegressionParametersVariance"/>
  <testcase time="0" classname="org.apache.commons.math3.stat.regression.GLSMultipleLinearRegressionTest" name="testNewSampleNullData"/>
  <testcase time="0" classname="org.apache.commons.math3.stat.regression.GLSMultipleLinearRegressionTest" name="testXSampleDataNull"/>
  <testcase time="0" classname="org.apache.commons.math3.stat.regression.GLSMultipleLinearRegressionTest" name="testNewSampleInvalidData"/>
  <testcase time="0" classname="org.apache.commons.math3.stat.regression.GLSMultipleLinearRegressionTest" name="testYSampleDataNull"/>
</testsuite>