<?xml version="1.0" encoding="UTF-8" ?>
<testsuite failures="0" time="0.033" errors="0" skipped="0" tests="63" name="org.apache.commons.math3.util.Decimal64Test">
  <properties>
[...]
</properties>
  <testcase time="0" classname="org.apache.commons.math3.util.Decimal64Test" name="testAdd"/>
  <testcase time="0" classname="org.apache.commons.math3.util.Decimal64Test" name="testSubtract"/>
  <testcase time="0" classname="org.apache.commons.math3.util.Decimal64Test" name="testIsInfinite"/>
  <testcase time="0" classname="org.apache.commons.math3.util.Decimal64Test" name="testIsNaN"/>
  <testcase time="0" classname="org.apache.commons.math3.util.Decimal64Test" name="testReciprocal"/>
  <testcase time="0" classname="org.apache.commons.math3.util.Decimal64Test" name="testDivide"/>
  <testcase time="0" classname="org.apache.commons.math3.util.Decimal64Test" name="testMultiply"/>
  <testcase time="0" classname="org.apache.commons.math3.util.Decimal64Test" name="testNegate"/>
  <testcase time="0.001" classname="org.apache.commons.math3.util.Decimal64Test" name="testDivideField"/>
  <testcase time="0.001" classname="org.apache.commons.math3.util.Decimal64Test" name="testRemainderDouble"/>
  <testcase time="0" classname="org.apache.commons.math3.util.Decimal64Test" name="testGetField"/>
  <testcase time="0.001" classname="org.apache.commons.math3.util.Decimal64Test" name="testDivideDouble"/>
  <testcase time="0" classname="org.apache.commons.math3.util.Decimal64Test" name="testAbs"/>
  <testcase time="0.001" classname="org.apache.commons.math3.util.Decimal64Test" name="testCos"/>
  <testcase time="0" classname="org.apache.commons.math3.util.Decimal64Test" name="testExp"/>
  <testcase time="0" classname="org.apache.commons.math3.util.Decimal64Test" name="testLog"/>
  <testcase time="0" classname="org.apache.commons.math3.util.Decimal64Test" name="testSin"/>
  <testcase time="0" classname="org.apache.commons.math3.util.Decimal64Test" name="testTan"/>
  <testcase time="0" classname="org.apache.commons.math3.util.Decimal64Test" name="testAcosh"/>
  <testcase time="0" classname="org.apache.commons.math3.util.Decimal64Test" name="testAsinh"/>
  <testcase time="0.001" classname="org.apache.commons.math3.util.Decimal64Test" name="testAtan2"/>
  <testcase time="0" classname="org.apache.commons.math3.util.Decimal64Test" name="testAtanh"/>
  <testcase time="0" classname="org.apache.commons.math3.util.Decimal64Test" name="testExpm1"/>
  <testcase time="0.001" classname="org.apache.commons.math3.util.Decimal64Test" name="testFloor"/>
  <testcase time="0.001" classname="org.apache.commons.math3.util.Decimal64Test" name="testHypot"/>
  <testcase time="0" classname="org.apache.commons.math3.util.Decimal64Test" name="testLog1p"/>
  <testcase time="0" classname="org.apache.commons.math3.util.Decimal64Test" name="testRootN"/>
  <testcase time="0.001" classname="org.apache.commons.math3.util.Decimal64Test" name="testRound"/>
  <testcase time="0.004" classname="org.apache.commons.math3.util.Decimal64Test" name="testScalb"/>
  <testcase time="0" classname="org.apache.commons.math3.util.Decimal64Test" name="testAcos"/>
  <testcase time="0" classname="org.apache.commons.math3.util.Decimal64Test" name="testAsin"/>
  <testcase time="0" classname="org.apache.commons.math3.util.Decimal64Test" name="testAtan"/>
  <testcase time="0" classname="org.apache.commons.math3.util.Decimal64Test" name="testCbrt"/>
  <testcase time="0" classname="org.apache.commons.math3.util.Decimal64Test" name="testCeil"/>
  <testcase time="0" classname="org.apache.commons.math3.util.Decimal64Test" name="testCosh"/>
  <testcase time="0" classname="org.apache.commons.math3.util.Decimal64Test" name="testHash"/>
  <testcase time="0" classname="org.apache.commons.math3.util.Decimal64Test" name="testRint"/>
  <testcase time="0" classname="org.apache.commons.math3.util.Decimal64Test" name="testSinh"/>
  <testcase time="0" classname="org.apache.commons.math3.util.Decimal64Test" name="testSqrt"/>
  <testcase time="0" classname="org.apache.commons.math3.util.Decimal64Test" name="testTanh"/>
  <testcase time="0.001" classname="org.apache.commons.math3.util.Decimal64Test" name="testAddField"/>
  <testcase time="0" classname="org.apache.commons.math3.util.Decimal64Test" name="testMultiplyDouble"/>
  <testcase time="0.001" classname="org.apache.commons.math3.util.Decimal64Test" name="testMultiplyInt"/>
  <testcase time="0.002" classname="org.apache.commons.math3.util.Decimal64Test" name="testLinearCombinationDaFa"/>
  <testcase time="0" classname="org.apache.commons.math3.util.Decimal64Test" name="testLinearCombinationFaFa"/>
  <testcase time="0" classname="org.apache.commons.math3.util.Decimal64Test" name="testAddDouble"/>
  <testcase time="0" classname="org.apache.commons.math3.util.Decimal64Test" name="testPowDouble"/>
  <testcase time="0" classname="org.apache.commons.math3.util.Decimal64Test" name="testSubtractDouble"/>
  <testcase time="0" classname="org.apache.commons.math3.util.Decimal64Test" name="testRemainderField"/>
  <testcase time="0" classname="org.apache.commons.math3.util.Decimal64Test" name="testCopySignDouble"/>
  <testcase time="0" classname="org.apache.commons.math3.util.Decimal64Test" name="testLinearCombinationDF2"/>
  <testcase time="0" classname="org.apache.commons.math3.util.Decimal64Test" name="testLinearCombinationDF3"/>
  <testcase time="0" classname="org.apache.commons.math3.util.Decimal64Test" name="testLinearCombinationDF4"/>
  <testcase time="0" classname="org.apache.commons.math3.util.Decimal64Test" name="testLinearCombinationFF2"/>
  <testcase time="0" classname="org.apache.commons.math3.util.Decimal64Test" name="testLinearCombinationFF3"/>
  <testcase time="0" classname="org.apache.commons.math3.util.Decimal64Test" name="testLinearCombinationFF4"/>
  <testcase time="0" classname="org.apache.commons.math3.util.Decimal64Test" name="testEquals"/>
  <testcase time="0.001" classname="org.apache.commons.math3.util.Decimal64Test" name="testCopySignField"/>
  <testcase time="0" classname="org.apache.commons.math3.util.Decimal64Test" name="testPowField"/>
  <testcase time="0" classname="org.apache.commons.math3.util.Decimal64Test" name="testPowInt"/>
  <testcase time="0" classname="org.apache.commons.math3.util.Decimal64Test" name="testSignum"/>
  <testcase time="0" classname="org.apache.commons.math3.util.Decimal64Test" name="testMultiplyField"/>
  <testcase time="0.001" classname="org.apache.commons.math3.util.Decimal64Test" name="testSubtractField"/>
</testsuite>