<?xml version="1.0" encoding="UTF-8" ?>
<testsuite failures="0" time="0.124" errors="0" skipped="24" tests="105" name="org.apache.commons.math3.linear.RealVectorTest">
  <properties>
[...]
</properties>
  <testcase time="0.009" classname="org.apache.commons.math3.linear.RealVectorTest" name="testAppendScalar">
    <skipped/>
  </testcase>
  <testcase time="0.009" classname="org.apache.commons.math3.linear.RealVectorTest" name="testEbeDivideDimensionMismatch">
    <skipped/>
  </testcase>
  <testcase time="0.009" classname="org.apache.commons.math3.linear.RealVectorTest" name="testAppendVector">
    <skipped/>
  </testcase>
  <testcase time="0.009" classname="org.apache.commons.math3.linear.RealVectorTest" name="testEbeMultiplyDimensionMismatch">
    <skipped/>
  </testcase>
  <testcase time="0.009" classname="org.apache.commons.math3.linear.RealVectorTest" name="testIsInfinite">
    <skipped/>
  </testcase>
  <testcase time="0.009" classname="org.apache.commons.math3.linear.RealVectorTest" name="testSetSubVectorInvalidIndex1">
    <skipped/>
  </testcase>
  <testcase time="0.009" classname="org.apache.commons.math3.linear.RealVectorTest" name="testSetSubVectorInvalidIndex2">
    <skipped/>
  </testcase>
  <testcase time="0.009" classname="org.apache.commons.math3.linear.RealVectorTest" name="testSetSubVectorInvalidIndex3">
    <skipped/>
  </testcase>
  <testcase time="0.009" classname="org.apache.commons.math3.linear.RealVectorTest" name="testIsNaN">
    <skipped/>
  </testcase>
  <testcase time="0.009" classname="org.apache.commons.math3.linear.RealVectorTest" name="testEbeDivideMixedTypes">
    <skipped/>
  </testcase>
  <testcase time="0.009" classname="org.apache.commons.math3.linear.RealVectorTest" name="testEbeMultiplyMixedTypes">
    <skipped/>
  </testcase>
  <testcase time="0.009" classname="org.apache.commons.math3.linear.RealVectorTest" name="testEbeDivideSameType">
    <skipped/>
  </testcase>
  <testcase time="0.009" classname="org.apache.commons.math3.linear.RealVectorTest" name="testGetLInfNorm">
    <skipped/>
  </testcase>
  <testcase time="0.009" classname="org.apache.commons.math3.linear.RealVectorTest" name="testEbeMultiplySameType">
    <skipped/>
  </testcase>
  <testcase time="0.009" classname="org.apache.commons.math3.linear.RealVectorTest" name="testGetSubVector">
    <skipped/>
  </testcase>
  <testcase time="0" classname="org.apache.commons.math3.linear.RealVectorTest" name="testSparseIterator"/>
  <testcase time="0" classname="org.apache.commons.math3.linear.RealVectorTest" name="testSetSubVectorMixedType">
    <skipped/>
  </testcase>
  <testcase time="0" classname="org.apache.commons.math3.linear.RealVectorTest" name="testGetL1Norm">
    <skipped/>
  </testcase>
  <testcase time="0" classname="org.apache.commons.math3.linear.RealVectorTest" name="testEquals">
    <skipped/>
  </testcase>
  <testcase time="0" classname="org.apache.commons.math3.linear.RealVectorTest" name="testSetSubVectorSameType">
    <skipped/>
  </testcase>
  <testcase time="0" classname="org.apache.commons.math3.linear.RealVectorTest" name="testSerial">
    <skipped/>
  </testcase>
  <testcase time="0.001" classname="org.apache.commons.math3.linear.RealVectorTest" name="testGetSubVectorInvalidIndex1">
    <skipped/>
  </testcase>
  <testcase time="0.001" classname="org.apache.commons.math3.linear.RealVectorTest" name="testGetSubVectorInvalidIndex2">
    <skipped/>
  </testcase>
  <testcase time="0.001" classname="org.apache.commons.math3.linear.RealVectorTest" name="testGetSubVectorInvalidIndex3">
    <skipped/>
  </testcase>
  <testcase time="0.001" classname="org.apache.commons.math3.linear.RealVectorTest" name="testGetSubVectorInvalidIndex4">
    <skipped/>
  </testcase>
  <testcase time="0.001" classname="org.apache.commons.math3.linear.RealVectorTest" name="testAddMixedTypes"/>
  <testcase time="0" classname="org.apache.commons.math3.linear.RealVectorTest" name="testProjectionSameType"/>
  <testcase time="0" classname="org.apache.commons.math3.linear.RealVectorTest" name="testWalkInOptimizedOrderChangingVisitor1"/>
  <testcase time="0.001" classname="org.apache.commons.math3.linear.RealVectorTest" name="testWalkInOptimizedOrderChangingVisitor2"/>
  <testcase time="0" classname="org.apache.commons.math3.linear.RealVectorTest" name="testWalkInOptimizedOrderChangingVisitor3"/>
  <testcase time="0" classname="org.apache.commons.math3.linear.RealVectorTest" name="testOuterProductMixedTypes"/>
  <testcase time="0.033" classname="org.apache.commons.math3.linear.RealVectorTest" name="testCombineMixedTypes"/>
  <testcase time="0" classname="org.apache.commons.math3.linear.RealVectorTest" name="testGetEntry"/>
  <testcase time="0" classname="org.apache.commons.math3.linear.RealVectorTest" name="testUnitizeNullVector"/>
  <testcase time="0.001" classname="org.apache.commons.math3.linear.RealVectorTest" name="testToArray"/>
  <testcase time="0.001" classname="org.apache.commons.math3.linear.RealVectorTest" name="testSubtractSameType"/>
  <testcase time="0.001" classname="org.apache.commons.math3.linear.RealVectorTest" name="testMap"/>
  <testcase time="0" classname="org.apache.commons.math3.linear.RealVectorTest" name="testSet"/>
  <testcase time="0.001" classname="org.apache.commons.math3.linear.RealVectorTest" name="testOuterProductSameType"/>
  <testcase time="0.001" classname="org.apache.commons.math3.linear.RealVectorTest" name="testGetLInfDistanceMixedTypes"/>
  <testcase time="0" classname="org.apache.commons.math3.linear.RealVectorTest" name="testCombineDimensionMismatchMixedTypes"/>
  <testcase time="0.001" classname="org.apache.commons.math3.linear.RealVectorTest" name="testMapDivideToSelf"/>
  <testcase time="0" classname="org.apache.commons.math3.linear.RealVectorTest" name="testMapMultiplyToSelf"/>
  <testcase time="0" classname="org.apache.commons.math3.linear.RealVectorTest" name="testWalkInDefaultOrderChangingVisitor1"/>
  <testcase time="0" classname="org.apache.commons.math3.linear.RealVectorTest" name="testWalkInDefaultOrderChangingVisitor2"/>
  <testcase time="0" classname="org.apache.commons.math3.linear.RealVectorTest" name="testWalkInDefaultOrderChangingVisitor3"/>
  <testcase time="0" classname="org.apache.commons.math3.linear.RealVectorTest" name="testCopy"/>
  <testcase time="0" classname="org.apache.commons.math3.linear.RealVectorTest" name="testSetEntryInvalidIndex1"/>
  <testcase time="0.001" classname="org.apache.commons.math3.linear.RealVectorTest" name="testSetEntryInvalidIndex2"/>
  <testcase time="0.001" classname="org.apache.commons.math3.linear.RealVectorTest" name="testSubtractMixedTypes"/>
  <testcase time="0" classname="org.apache.commons.math3.linear.RealVectorTest" name="testCosineLeftNullVector"/>
  <testcase time="0" classname="org.apache.commons.math3.linear.RealVectorTest" name="testCombineDimensionMismatchSameType"/>
  <testcase time="0" classname="org.apache.commons.math3.linear.RealVectorTest" name="testGetL1DistanceDimensionMismatch"/>
  <testcase time="0" classname="org.apache.commons.math3.linear.RealVectorTest" name="testCosineMixedTypes"/>
  <testcase time="0.001" classname="org.apache.commons.math3.linear.RealVectorTest" name="testDotProductSameType"/>
  <testcase time="0.001" classname="org.apache.commons.math3.linear.RealVectorTest" name="testMapMultiply"/>
  <testcase time="0" classname="org.apache.commons.math3.linear.RealVectorTest" name="testUnitize"/>
  <testcase time="0" classname="org.apache.commons.math3.linear.RealVectorTest" name="testGetNorm"/>
  <testcase time="0" classname="org.apache.commons.math3.linear.RealVectorTest" name="testDotProductDimensionMismatchMixedTypes"/>
  <testcase time="0" classname="org.apache.commons.math3.linear.RealVectorTest" name="testCosineRightNullVector"/>
  <testcase time="0" classname="org.apache.commons.math3.linear.RealVectorTest" name="testCombineToSelfDimensionMismatchMixedTypes"/>
  <testcase time="0" classname="org.apache.commons.math3.linear.RealVectorTest" name="testCosineSameType"/>
  <testcase time="0" classname="org.apache.commons.math3.linear.RealVectorTest" name="testMapSubtractToSelf"/>
  <testcase time="0" classname="org.apache.commons.math3.linear.RealVectorTest" name="testProjectionMixedTypes"/>
  <testcase time="0" classname="org.apache.commons.math3.linear.RealVectorTest" name="testGetDimension"/>
  <testcase time="0.02" classname="org.apache.commons.math3.linear.RealVectorTest" name="testCombineToSelfSameType"/>
  <testcase time="0" classname="org.apache.commons.math3.linear.RealVectorTest" name="testAddToEntry"/>
  <testcase time="0" classname="org.apache.commons.math3.linear.RealVectorTest" name="testGetDistanceDimensionMismatch"/>
  <testcase time="0.001" classname="org.apache.commons.math3.linear.RealVectorTest" name="testAddSameType"/>
  <testcase time="0" classname="org.apache.commons.math3.linear.RealVectorTest" name="testGetDistanceSameType"/>
  <testcase time="0.016" classname="org.apache.commons.math3.linear.RealVectorTest" name="testCombineToSelfMixedTypes"/>
  <testcase time="0" classname="org.apache.commons.math3.linear.RealVectorTest" name="testGetL1DistanceSameType"/>
  <testcase time="0" classname="org.apache.commons.math3.linear.RealVectorTest" name="testGetEntryInvalidIndex1"/>
  <testcase time="0" classname="org.apache.commons.math3.linear.RealVectorTest" name="testGetEntryInvalidIndex2"/>
  <testcase time="0.018" classname="org.apache.commons.math3.linear.RealVectorTest" name="testCombineSameType"/>
  <testcase time="0" classname="org.apache.commons.math3.linear.RealVectorTest" name="testProjectionDimensionMismatch"/>
  <testcase time="0" classname="org.apache.commons.math3.linear.RealVectorTest" name="testGetLInfDistanceDimensionMismatch"/>
  <testcase time="0.001" classname="org.apache.commons.math3.linear.RealVectorTest" name="testMapSubtract"/>
  <testcase time="0.001" classname="org.apache.commons.math3.linear.RealVectorTest" name="testDotProductMixedTypes"/>
  <testcase time="0" classname="org.apache.commons.math3.linear.RealVectorTest" name="testAddDimensionMismatch"/>
  <testcase time="0" classname="org.apache.commons.math3.linear.RealVectorTest" name="testAddToEntryInvalidIndex1"/>
  <testcase time="0" classname="org.apache.commons.math3.linear.RealVectorTest" name="testAddToEntryInvalidIndex2"/>
  <testcase time="0.001" classname="org.apache.commons.math3.linear.RealVectorTest" name="testMapDivide"/>
  <testcase time="0" classname="org.apache.commons.math3.linear.RealVectorTest" name="testUnitVectorNullVector"/>
  <testcase time="0" classname="org.apache.commons.math3.linear.RealVectorTest" name="testMapAddToSelf"/>
  <testcase time="0" classname="org.apache.commons.math3.linear.RealVectorTest" name="testGetLInfDistanceSameType"/>
  <testcase time="0" classname="org.apache.commons.math3.linear.RealVectorTest" name="testCosineDimensionMismatch"/>
  <testcase time="0" classname="org.apache.commons.math3.linear.RealVectorTest" name="testDotProductDimensionMismatchSameType"/>
  <testcase time="0" classname="org.apache.commons.math3.linear.RealVectorTest" name="testGetDistanceMixedTypes"/>
  <testcase time="0.003" classname="org.apache.commons.math3.linear.RealVectorTest" name="testMapAdd"/>
  <testcase time="0" classname="org.apache.commons.math3.linear.RealVectorTest" name="testMinMax"/>
  <testcase time="0" classname="org.apache.commons.math3.linear.RealVectorTest" name="testUnitVector"/>
  <testcase time="0" classname="org.apache.commons.math3.linear.RealVectorTest" name="testProjectionNullVector"/>
  <testcase time="0" classname="org.apache.commons.math3.linear.RealVectorTest" name="testMapToSelf"/>
  <testcase time="0" classname="org.apache.commons.math3.linear.RealVectorTest" name="testWalkInDefaultOrderPreservingVisitor1"/>
  <testcase time="0" classname="org.apache.commons.math3.linear.RealVectorTest" name="testWalkInDefaultOrderPreservingVisitor2"/>
  <testcase time="0" classname="org.apache.commons.math3.linear.RealVectorTest" name="testWalkInDefaultOrderPreservingVisitor3"/>
  <testcase time="0" classname="org.apache.commons.math3.linear.RealVectorTest" name="testSubtractDimensionMismatch"/>
  <testcase time="0.001" classname="org.apache.commons.math3.linear.RealVectorTest" name="testCombineToSelfDimensionMismatchSameType"/>
  <testcase time="0" classname="org.apache.commons.math3.linear.RealVectorTest" name="testWalkInOptimizedOrderPreservingVisitor1"/>
  <testcase time="0" classname="org.apache.commons.math3.linear.RealVectorTest" name="testWalkInOptimizedOrderPreservingVisitor2"/>
  <testcase time="0" classname="org.apache.commons.math3.linear.RealVectorTest" name="testWalkInOptimizedOrderPreservingVisitor3"/>
  <testcase time="0" classname="org.apache.commons.math3.linear.RealVectorTest" name="testGetL1DistanceMixedTypes"/>
  <testcase time="0.001" classname="org.apache.commons.math3.linear.RealVectorTest" name="testIterator"/>
  <testcase time="0" classname="org.apache.commons.math3.linear.RealVectorTest" name="testSetEntry"/>
</testsuite>