<?xml version="1.0" encoding="UTF-8" ?>
<testsuite failures="0" time="5.868" errors="0" skipped="0" tests="62" name="org.apache.commons.math3.random.BitsStreamGeneratorTest">
  <properties>
[...]
</properties>
  <testcase time="0" classname="org.apache.commons.math3.random.BitsStreamGeneratorTest" name="testNextIntIAE2"/>
  <testcase time="0.832" classname="org.apache.commons.math3.random.BitsStreamGeneratorTest" name="testNextIntDirect"/>
  <testcase time="0.005" classname="org.apache.commons.math3.random.BitsStreamGeneratorTest" name="testNextFloatDirect"/>
  <testcase time="0.001" classname="org.apache.commons.math3.random.BitsStreamGeneratorTest" name="testNextBooleanDirect"/>
  <testcase time="0.003" classname="org.apache.commons.math3.random.BitsStreamGeneratorTest" name="testNextLongDirect"/>
  <testcase time="0.003" classname="org.apache.commons.math3.random.BitsStreamGeneratorTest" name="testNexBoolean2"/>
  <testcase time="0" classname="org.apache.commons.math3.random.BitsStreamGeneratorTest" name="testFloatDirect"/>
  <testcase time="0" classname="org.apache.commons.math3.random.BitsStreamGeneratorTest" name="testSeeding"/>
  <testcase time="0.001" classname="org.apache.commons.math3.random.BitsStreamGeneratorTest" name="testDoubleDirect"/>
  <testcase time="0" classname="org.apache.commons.math3.random.BitsStreamGeneratorTest" name="testNextLong2"/>
  <testcase time="0" classname="org.apache.commons.math3.random.BitsStreamGeneratorTest" name="testNextIntNeg"/>
  <testcase time="0.026" classname="org.apache.commons.math3.random.BitsStreamGeneratorTest" name="testNexBytes"/>
  <testcase time="0.002" classname="org.apache.commons.math3.random.BitsStreamGeneratorTest" name="testNextInt2"/>
  <testcase time="0.009" classname="org.apache.commons.math3.random.BitsStreamGeneratorTest" name="testNextPascal"/>
  <testcase time="0.013" classname="org.apache.commons.math3.random.BitsStreamGeneratorTest" name="testNextSample"/>
  <testcase time="0.041" classname="org.apache.commons.math3.random.BitsStreamGeneratorTest" name="testNextLongNegativeRange"/>
  <testcase time="0.013" classname="org.apache.commons.math3.random.BitsStreamGeneratorTest" name="testNextIntNegativeToPositiveRange"/>
  <testcase time="0" classname="org.apache.commons.math3.random.BitsStreamGeneratorTest" name="testNextIntExtremeValues"/>
  <testcase time="0.001" classname="org.apache.commons.math3.random.BitsStreamGeneratorTest" name="testNextUniformExclusiveEndpoints"/>
  <testcase time="0" classname="org.apache.commons.math3.random.BitsStreamGeneratorTest" name="testNextGaussian"/>
  <testcase time="0" classname="org.apache.commons.math3.random.BitsStreamGeneratorTest" name="testNextUniformExtremeValues"/>
  <testcase time="0" classname="org.apache.commons.math3.random.BitsStreamGeneratorTest" name="testNextSecureLongIAE"/>
  <testcase time="0.027" classname="org.apache.commons.math3.random.BitsStreamGeneratorTest" name="testNextF"/>
  <testcase time="0.018" classname="org.apache.commons.math3.random.BitsStreamGeneratorTest" name="testNextT"/>
  <testcase time="0" classname="org.apache.commons.math3.random.BitsStreamGeneratorTest" name="testNextSecureIntNegativeToPositiveRange"/>
  <testcase time="0.033" classname="org.apache.commons.math3.random.BitsStreamGeneratorTest" name="testNextChiSquare"/>
  <testcase time="0" classname="org.apache.commons.math3.random.BitsStreamGeneratorTest" name="testNextSecureHex"/>
  <testcase time="3.888" classname="org.apache.commons.math3.random.BitsStreamGeneratorTest" name="testNextPoissonConsistency"/>
  <testcase time="0.009" classname="org.apache.commons.math3.random.BitsStreamGeneratorTest" name="testNextHypergeometric"/>
  <testcase time="0" classname="org.apache.commons.math3.random.BitsStreamGeneratorTest" name="testNextSecureLongPositiveRange"/>
  <testcase time="0" classname="org.apache.commons.math3.random.BitsStreamGeneratorTest" name="testNextSecureIntPositiveRange"/>
  <testcase time="0.003" classname="org.apache.commons.math3.random.BitsStreamGeneratorTest" name="testNextLongNegativeToPositiveRange"/>
  <testcase time="0.004" classname="org.apache.commons.math3.random.BitsStreamGeneratorTest" name="testNextUniformUniformMaximalInterval"/>
  <testcase time="0.001" classname="org.apache.commons.math3.random.BitsStreamGeneratorTest" name="testNextLongExtremeValues"/>
  <testcase time="0.001" classname="org.apache.commons.math3.random.BitsStreamGeneratorTest" name="testNextExponential"/>
  <testcase time="0" classname="org.apache.commons.math3.random.BitsStreamGeneratorTest" name="testNextSecureLongNegativeRange"/>
  <testcase time="0" classname="org.apache.commons.math3.random.BitsStreamGeneratorTest" name="testNextSecureIntNegativeRange"/>
  <testcase time="0.007" classname="org.apache.commons.math3.random.BitsStreamGeneratorTest" name="testNextPoisson"/>
  <testcase time="0.004" classname="org.apache.commons.math3.random.BitsStreamGeneratorTest" name="testNextUniformUniformNegativeToPositiveBounds"/>
  <testcase time="0.002" classname="org.apache.commons.math3.random.BitsStreamGeneratorTest" name="testNextPermutation"/>
  <testcase time="0.006" classname="org.apache.commons.math3.random.BitsStreamGeneratorTest" name="testNextIntPositiveRange"/>
  <testcase time="0" classname="org.apache.commons.math3.random.BitsStreamGeneratorTest" name="testNextSecureIntIAE"/>
  <testcase time="0" classname="org.apache.commons.math3.random.BitsStreamGeneratorTest" name="testNextUniformIAE"/>
  <testcase time="0.004" classname="org.apache.commons.math3.random.BitsStreamGeneratorTest" name="testNextUniformUniformNegaiveBounds"/>
  <testcase time="0.005" classname="org.apache.commons.math3.random.BitsStreamGeneratorTest" name="testNextBinomial"/>
  <testcase time="0" classname="org.apache.commons.math3.random.BitsStreamGeneratorTest" name="testNextLongIAE"/>
  <testcase time="0.003" classname="org.apache.commons.math3.random.BitsStreamGeneratorTest" name="testConfig"/>
  <testcase time="0.079" classname="org.apache.commons.math3.random.BitsStreamGeneratorTest" name="testNextIntWideRange"/>
  <testcase time="0" classname="org.apache.commons.math3.random.BitsStreamGeneratorTest" name="testNextSecureLongNegativeToPositiveRange"/>
  <testcase time="0.01" classname="org.apache.commons.math3.random.BitsStreamGeneratorTest" name="testNextIntNegativeRange"/>
  <testcase time="0" classname="org.apache.commons.math3.random.BitsStreamGeneratorTest" name="testNextInversionDeviate"/>
  <testcase time="0.049" classname="org.apache.commons.math3.random.BitsStreamGeneratorTest" name="testNextHex"/>
  <testcase time="0.69" classname="org.apache.commons.math3.random.BitsStreamGeneratorTest" name="testNextLongWideRange"/>
  <testcase time="0.017" classname="org.apache.commons.math3.random.BitsStreamGeneratorTest" name="testNextLongPositiveRange"/>
  <testcase time="0" classname="org.apache.commons.math3.random.BitsStreamGeneratorTest" name="testReseed"/>
  <testcase time="0.001" classname="org.apache.commons.math3.random.BitsStreamGeneratorTest" name="testNextCauchy"/>
  <testcase time="0.002" classname="org.apache.commons.math3.random.BitsStreamGeneratorTest" name="testNextUniformUniformPositiveBounds"/>
  <testcase time="0.006" classname="org.apache.commons.math3.random.BitsStreamGeneratorTest" name="testNextGamma"/>
  <testcase time="0.002" classname="org.apache.commons.math3.random.BitsStreamGeneratorTest" name="testNextWeibull"/>
  <testcase time="0" classname="org.apache.commons.math3.random.BitsStreamGeneratorTest" name="testNextIntIAE"/>
  <testcase time="0.016" classname="org.apache.commons.math3.random.BitsStreamGeneratorTest" name="testNextBeta"/>
  <testcase time="0.017" classname="org.apache.commons.math3.random.BitsStreamGeneratorTest" name="testNextZipf"/>
</testsuite>