<?xml version="1.0" encoding="UTF-8" ?>
<testsuite failures="0" time="10.681" errors="0" skipped="1" tests="65" name="org.apache.commons.math3.util.FastMathTest">
  <properties>
[...]
</properties>
  <testcase time="0" classname="org.apache.commons.math3.util.FastMathTest" name="testLogSpecialCases"/>
  <testcase time="0" classname="org.apache.commons.math3.util.FastMathTest" name="testToIntExactTooHigh"/>
  <testcase time="0.009" classname="org.apache.commons.math3.util.FastMathTest" name="testDoubleNextAfterSpecialCases"/>
  <testcase time="0" classname="org.apache.commons.math3.util.FastMathTest" name="testIncrementExactInt"/>
  <testcase time="0.076" classname="org.apache.commons.math3.util.FastMathTest" name="testFloorDivInt"/>
  <testcase time="0.001" classname="org.apache.commons.math3.util.FastMathTest" name="testIndicatorDouble"/>
  <testcase time="0.034" classname="org.apache.commons.math3.util.FastMathTest" name="testFloorModInt"/>
  <testcase time="0.001" classname="org.apache.commons.math3.util.FastMathTest" name="testSubtractExactInt"/>
  <testcase time="0.001" classname="org.apache.commons.math3.util.FastMathTest" name="testAtan2SpecialCases"/>
  <testcase time="1.461" classname="org.apache.commons.math3.util.FastMathTest" name="testCbrtAccuracy"/>
  <testcase time="0.001" classname="org.apache.commons.math3.util.FastMathTest" name="testAtan2"/>
  <testcase time="0.001" classname="org.apache.commons.math3.util.FastMathTest" name="checkMissingFastMathClasses"/>
  <testcase time="0.13" classname="org.apache.commons.math3.util.FastMathTest" name="testLogAccuracy"/>
  <testcase time="0" classname="org.apache.commons.math3.util.FastMathTest" name="testLog1pSpecialCases"/>
  <testcase time="1.388" classname="org.apache.commons.math3.util.FastMathTest" name="testAcosAccuracy"/>
  <testcase time="0" classname="org.apache.commons.math3.util.FastMathTest" name="testMinMaxDouble"/>
  <testcase time="0" classname="org.apache.commons.math3.util.FastMathTest" name="testAcosSpecialCases"/>
  <testcase time="0" classname="org.apache.commons.math3.util.FastMathTest" name="testPowSpecialCases"/>
  <testcase time="0" classname="org.apache.commons.math3.util.FastMathTest" name="testDoubleScalbSpecialCases"/>
  <testcase time="0" classname="org.apache.commons.math3.util.FastMathTest" name="testToIntExactTooLow"/>
  <testcase time="2.392" classname="org.apache.commons.math3.util.FastMathTest" name="testTanhAccuracy"/>
  <testcase time="0.001" classname="org.apache.commons.math3.util.FastMathTest" name="testMath905LargePositive"/>
  <testcase time="0" classname="org.apache.commons.math3.util.FastMathTest" name="testMath905LargeNegative"/>
  <testcase time="0.021" classname="org.apache.commons.math3.util.FastMathTest" name="testFloorDivModInt"/>
  <testcase time="0" classname="org.apache.commons.math3.util.FastMathTest" name="testToIntExact"/>
  <testcase time="0.032" classname="org.apache.commons.math3.util.FastMathTest" name="testToRadians"/>
  <testcase time="0.003" classname="org.apache.commons.math3.util.FastMathTest" name="testMultiplyExactLong"/>
  <testcase time="0" classname="org.apache.commons.math3.util.FastMathTest" name="testLogWithBase"/>
  <testcase time="0" classname="org.apache.commons.math3.util.FastMathTest" name="testDecrementExactInt"/>
  <testcase time="0" classname="org.apache.commons.math3.util.FastMathTest" name="testConstants"/>
  <testcase time="0.001" classname="org.apache.commons.math3.util.FastMathTest" name="testAddExactInt"/>
  <testcase time="0.102" classname="org.apache.commons.math3.util.FastMathTest" name="testTanAccuracy"/>
  <testcase time="0" classname="org.apache.commons.math3.util.FastMathTest" name="testMath904"/>
  <testcase time="0" classname="org.apache.commons.math3.util.FastMathTest" name="testFloatScalbSpecialCases"/>
  <testcase time="0.002" classname="org.apache.commons.math3.util.FastMathTest" name="testAddExactLong"/>
  <testcase time="0.031" classname="org.apache.commons.math3.util.FastMathTest" name="testToDegrees"/>
  <testcase time="0.003" classname="org.apache.commons.math3.util.FastMathTest" name="testMultiplyExactInt"/>
  <testcase time="0.001" classname="org.apache.commons.math3.util.FastMathTest" name="testSignumFloat"/>
  <testcase time="0.064" classname="org.apache.commons.math3.util.FastMathTest" name="testSinAccuracy"/>
  <testcase time="0.114" classname="org.apache.commons.math3.util.FastMathTest" name="testAtan2Accuracy"/>
  <testcase time="0" classname="org.apache.commons.math3.util.FastMathTest" name="testFloatNextAfterSpecialCases"/>
  <testcase time="0.075" classname="org.apache.commons.math3.util.FastMathTest" name="testExpm1Accuracy"/>
  <testcase time="0" classname="org.apache.commons.math3.util.FastMathTest" name="testSignumDouble"/>
  <testcase time="0.001" classname="org.apache.commons.math3.util.FastMathTest" name="testMinMaxFloat"/>
  <testcase time="0.04" classname="org.apache.commons.math3.util.FastMathTest" name="testHyperbolic"/>
  <testcase time="0.028" classname="org.apache.commons.math3.util.FastMathTest" name="testFloorModLong"/>
  <testcase time="1.215" classname="org.apache.commons.math3.util.FastMathTest" name="testCoshAccuracy"/>
  <testcase time="0.001" classname="org.apache.commons.math3.util.FastMathTest" name="testSubtractExactLong"/>
  <testcase time="0.016" classname="org.apache.commons.math3.util.FastMathTest" name="testIntPow"/>
  <testcase time="0" classname="org.apache.commons.math3.util.FastMathTest" name="testIndicatorFloat"/>
  <testcase time="0.214" classname="org.apache.commons.math3.util.FastMathTest" name="testPowAccuracy"/>
  <testcase time="0.027" classname="org.apache.commons.math3.util.FastMathTest" name="testFloorDivModLong"/>
  <testcase time="0.032" classname="org.apache.commons.math3.util.FastMathTest" name="testFloorDivLong"/>
  <testcase time="0" classname="org.apache.commons.math3.util.FastMathTest" name="testExpSpecialCases"/>
  <testcase time="0.182" classname="org.apache.commons.math3.util.FastMathTest" name="testLog10Accuracy"/>
  <testcase time="0.094" classname="org.apache.commons.math3.util.FastMathTest" name="testAtanAccuracy"/>
  <testcase time="0" classname="org.apache.commons.math3.util.FastMathTest" name="testNextAfter"/>
  <testcase time="0.081" classname="org.apache.commons.math3.util.FastMathTest" name="testLog1pAccuracy"/>
  <testcase time="0.011" classname="org.apache.commons.math3.util.FastMathTest" name="testHyperbolicInverses"/>
  <testcase time="0.011" classname="org.apache.commons.math3.util.FastMathTest" name="checkExtraFastMathClasses">
    <skipped/>
  </testcase>
  <testcase time="0" classname="org.apache.commons.math3.util.FastMathTest" name="testAsinSpecialCases"/>
  <testcase time="1.338" classname="org.apache.commons.math3.util.FastMathTest" name="testAsinAccuracy"/>
  <testcase time="0.062" classname="org.apache.commons.math3.util.FastMathTest" name="testCosAccuracy"/>
  <testcase time="0.147" classname="org.apache.commons.math3.util.FastMathTest" name="testExpAccuracy"/>
  <testcase time="1.232" classname="org.apache.commons.math3.util.FastMathTest" name="testSinhAccuracy"/>
</testsuite>