<?xml version="1.0" encoding="UTF-8" ?>
<testsuite failures="0" time="0.164" errors="0" skipped="0" tests="108" name="org.apache.commons.math3.linear.ArrayRealVectorTest">
  <properties>
[...]
</properties>
  <testcase time="0" classname="org.apache.commons.math3.linear.ArrayRealVectorTest" name="testZeroVectors"/>
  <testcase time="0" classname="org.apache.commons.math3.linear.ArrayRealVectorTest" name="testConstructors"/>
  <testcase time="0" classname="org.apache.commons.math3.linear.ArrayRealVectorTest" name="testPredicates"/>
  <testcase time="0" classname="org.apache.commons.math3.linear.ArrayRealVectorTest" name="testGetDataRef"/>
  <testcase time="0.001" classname="org.apache.commons.math3.linear.ArrayRealVectorTest" name="testAddMixedTypes"/>
  <testcase time="0.001" classname="org.apache.commons.math3.linear.ArrayRealVectorTest" name="testProjectionSameType"/>
  <testcase time="0" classname="org.apache.commons.math3.linear.ArrayRealVectorTest" name="testWalkInOptimizedOrderChangingVisitor1"/>
  <testcase time="0.003" classname="org.apache.commons.math3.linear.ArrayRealVectorTest" name="testWalkInOptimizedOrderChangingVisitor2"/>
  <testcase time="0" classname="org.apache.commons.math3.linear.ArrayRealVectorTest" name="testWalkInOptimizedOrderChangingVisitor3"/>
  <testcase time="0" classname="org.apache.commons.math3.linear.ArrayRealVectorTest" name="testAppendScalar"/>
  <testcase time="0.001" classname="org.apache.commons.math3.linear.ArrayRealVectorTest" name="testOuterProductMixedTypes"/>
  <testcase time="0" classname="org.apache.commons.math3.linear.ArrayRealVectorTest" name="testEbeDivideDimensionMismatch"/>
  <testcase time="0" classname="org.apache.commons.math3.linear.ArrayRealVectorTest" name="testAppendVector"/>
  <testcase time="0.052" classname="org.apache.commons.math3.linear.ArrayRealVectorTest" name="testCombineMixedTypes"/>
  <testcase time="0" classname="org.apache.commons.math3.linear.ArrayRealVectorTest" name="testGetEntry"/>
  <testcase time="0.001" classname="org.apache.commons.math3.linear.ArrayRealVectorTest" name="testEbeMultiplyDimensionMismatch"/>
  <testcase time="0" classname="org.apache.commons.math3.linear.ArrayRealVectorTest" name="testUnitizeNullVector"/>
  <testcase time="0" classname="org.apache.commons.math3.linear.ArrayRealVectorTest" name="testToArray"/>
  <testcase time="0.001" classname="org.apache.commons.math3.linear.ArrayRealVectorTest" name="testSubtractSameType"/>
  <testcase time="0.007" classname="org.apache.commons.math3.linear.ArrayRealVectorTest" name="testMap"/>
  <testcase time="0" classname="org.apache.commons.math3.linear.ArrayRealVectorTest" name="testSet"/>
  <testcase time="0.001" classname="org.apache.commons.math3.linear.ArrayRealVectorTest" name="testOuterProductSameType"/>
  <testcase time="0" classname="org.apache.commons.math3.linear.ArrayRealVectorTest" name="testIsInfinite"/>
  <testcase time="0.001" classname="org.apache.commons.math3.linear.ArrayRealVectorTest" name="testGetLInfDistanceMixedTypes"/>
  <testcase time="0" classname="org.apache.commons.math3.linear.ArrayRealVectorTest" name="testSetSubVectorInvalidIndex1"/>
  <testcase time="0" classname="org.apache.commons.math3.linear.ArrayRealVectorTest" name="testSetSubVectorInvalidIndex2"/>
  <testcase time="0" classname="org.apache.commons.math3.linear.ArrayRealVectorTest" name="testSetSubVectorInvalidIndex3"/>
  <testcase time="0" classname="org.apache.commons.math3.linear.ArrayRealVectorTest" name="testCombineDimensionMismatchMixedTypes"/>
  <testcase time="0" classname="org.apache.commons.math3.linear.ArrayRealVectorTest" name="testMapDivideToSelf"/>
  <testcase time="0" classname="org.apache.commons.math3.linear.ArrayRealVectorTest" name="testIsNaN"/>
  <testcase time="0" classname="org.apache.commons.math3.linear.ArrayRealVectorTest" name="testMapMultiplyToSelf"/>
  <testcase time="0.001" classname="org.apache.commons.math3.linear.ArrayRealVectorTest" name="testWalkInDefaultOrderChangingVisitor1"/>
  <testcase time="0.002" classname="org.apache.commons.math3.linear.ArrayRealVectorTest" name="testWalkInDefaultOrderChangingVisitor2"/>
  <testcase time="0" classname="org.apache.commons.math3.linear.ArrayRealVectorTest" name="testWalkInDefaultOrderChangingVisitor3"/>
  <testcase time="0" classname="org.apache.commons.math3.linear.ArrayRealVectorTest" name="testCopy"/>
  <testcase time="0" classname="org.apache.commons.math3.linear.ArrayRealVectorTest" name="testSetEntryInvalidIndex1"/>
  <testcase time="0" classname="org.apache.commons.math3.linear.ArrayRealVectorTest" name="testSetEntryInvalidIndex2"/>
  <testcase time="0.001" classname="org.apache.commons.math3.linear.ArrayRealVectorTest" name="testSubtractMixedTypes"/>
  <testcase time="0.01" classname="org.apache.commons.math3.linear.ArrayRealVectorTest" name="testCosineLeftNullVector"/>
  <testcase time="0" classname="org.apache.commons.math3.linear.ArrayRealVectorTest" name="testCombineDimensionMismatchSameType"/>
  <testcase time="0" classname="org.apache.commons.math3.linear.ArrayRealVectorTest" name="testGetL1DistanceDimensionMismatch"/>
  <testcase time="0" classname="org.apache.commons.math3.linear.ArrayRealVectorTest" name="testEbeDivideMixedTypes"/>
  <testcase time="0" classname="org.apache.commons.math3.linear.ArrayRealVectorTest" name="testCosineMixedTypes"/>
  <testcase time="0" classname="org.apache.commons.math3.linear.ArrayRealVectorTest" name="testDotProductSameType"/>
  <testcase time="0" classname="org.apache.commons.math3.linear.ArrayRealVectorTest" name="testEbeMultiplyMixedTypes"/>
  <testcase time="0" classname="org.apache.commons.math3.linear.ArrayRealVectorTest" name="testMapMultiply"/>
  <testcase time="0" classname="org.apache.commons.math3.linear.ArrayRealVectorTest" name="testUnitize"/>
  <testcase time="0" classname="org.apache.commons.math3.linear.ArrayRealVectorTest" name="testGetNorm"/>
  <testcase time="0" classname="org.apache.commons.math3.linear.ArrayRealVectorTest" name="testDotProductDimensionMismatchMixedTypes"/>
  <testcase time="0" classname="org.apache.commons.math3.linear.ArrayRealVectorTest" name="testCosineRightNullVector"/>
  <testcase time="0" classname="org.apache.commons.math3.linear.ArrayRealVectorTest" name="testCombineToSelfDimensionMismatchMixedTypes"/>
  <testcase time="0" classname="org.apache.commons.math3.linear.ArrayRealVectorTest" name="testEbeDivideSameType"/>
  <testcase time="0" classname="org.apache.commons.math3.linear.ArrayRealVectorTest" name="testCosineSameType"/>
  <testcase time="0" classname="org.apache.commons.math3.linear.ArrayRealVectorTest" name="testMapSubtractToSelf"/>
  <testcase time="0" classname="org.apache.commons.math3.linear.ArrayRealVectorTest" name="testProjectionMixedTypes"/>
  <testcase time="0" classname="org.apache.commons.math3.linear.ArrayRealVectorTest" name="testGetDimension"/>
  <testcase time="0.023" classname="org.apache.commons.math3.linear.ArrayRealVectorTest" name="testCombineToSelfSameType"/>
  <testcase time="0" classname="org.apache.commons.math3.linear.ArrayRealVectorTest" name="testGetLInfNorm"/>
  <testcase time="0.001" classname="org.apache.commons.math3.linear.ArrayRealVectorTest" name="testEbeMultiplySameType"/>
  <testcase time="0" classname="org.apache.commons.math3.linear.ArrayRealVectorTest" name="testAddToEntry"/>
  <testcase time="0" classname="org.apache.commons.math3.linear.ArrayRealVectorTest" name="testGetDistanceDimensionMismatch"/>
  <testcase time="0.001" classname="org.apache.commons.math3.linear.ArrayRealVectorTest" name="testAddSameType"/>
  <testcase time="0" classname="org.apache.commons.math3.linear.ArrayRealVectorTest" name="testGetDistanceSameType"/>
  <testcase time="0.015" classname="org.apache.commons.math3.linear.ArrayRealVectorTest" name="testCombineToSelfMixedTypes"/>
  <testcase time="0" classname="org.apache.commons.math3.linear.ArrayRealVectorTest" name="testGetL1DistanceSameType"/>
  <testcase time="0" classname="org.apache.commons.math3.linear.ArrayRealVectorTest" name="testGetEntryInvalidIndex1"/>
  <testcase time="0.001" classname="org.apache.commons.math3.linear.ArrayRealVectorTest" name="testGetEntryInvalidIndex2"/>
  <testcase time="0.013" classname="org.apache.commons.math3.linear.ArrayRealVectorTest" name="testCombineSameType"/>
  <testcase time="0" classname="org.apache.commons.math3.linear.ArrayRealVectorTest" name="testProjectionDimensionMismatch"/>
  <testcase time="0" classname="org.apache.commons.math3.linear.ArrayRealVectorTest" name="testGetSubVector"/>
  <testcase time="0" classname="org.apache.commons.math3.linear.ArrayRealVectorTest" name="testGetLInfDistanceDimensionMismatch"/>
  <testcase time="0" classname="org.apache.commons.math3.linear.ArrayRealVectorTest" name="testMapSubtract"/>
  <testcase time="0" classname="org.apache.commons.math3.linear.ArrayRealVectorTest" name="testDotProductMixedTypes"/>
  <testcase time="0" classname="org.apache.commons.math3.linear.ArrayRealVectorTest" name="testAddDimensionMismatch"/>
  <testcase time="0" classname="org.apache.commons.math3.linear.ArrayRealVectorTest" name="testAddToEntryInvalidIndex1"/>
  <testcase time="0" classname="org.apache.commons.math3.linear.ArrayRealVectorTest" name="testAddToEntryInvalidIndex2"/>
  <testcase time="0" classname="org.apache.commons.math3.linear.ArrayRealVectorTest" name="testMapDivide"/>
  <testcase time="0" classname="org.apache.commons.math3.linear.ArrayRealVectorTest" name="testSetSubVectorMixedType"/>
  <testcase time="0" classname="org.apache.commons.math3.linear.ArrayRealVectorTest" name="testUnitVectorNullVector"/>
  <testcase time="0" classname="org.apache.commons.math3.linear.ArrayRealVectorTest" name="testMapAddToSelf"/>
  <testcase time="0" classname="org.apache.commons.math3.linear.ArrayRealVectorTest" name="testGetL1Norm"/>
  <testcase time="0.001" classname="org.apache.commons.math3.linear.ArrayRealVectorTest" name="testGetLInfDistanceSameType"/>
  <testcase time="0" classname="org.apache.commons.math3.linear.ArrayRealVectorTest" name="testCosineDimensionMismatch"/>
  <testcase time="0" classname="org.apache.commons.math3.linear.ArrayRealVectorTest" name="testEquals"/>
  <testcase time="0" classname="org.apache.commons.math3.linear.ArrayRealVectorTest" name="testDotProductDimensionMismatchSameType"/>
  <testcase time="0" classname="org.apache.commons.math3.linear.ArrayRealVectorTest" name="testGetDistanceMixedTypes"/>
  <testcase time="0" classname="org.apache.commons.math3.linear.ArrayRealVectorTest" name="testMapAdd"/>
  <testcase time="0" classname="org.apache.commons.math3.linear.ArrayRealVectorTest" name="testMinMax"/>
  <testcase time="0" classname="org.apache.commons.math3.linear.ArrayRealVectorTest" name="testUnitVector"/>
  <testcase time="0" classname="org.apache.commons.math3.linear.ArrayRealVectorTest" name="testProjectionNullVector"/>
  <testcase time="0.007" classname="org.apache.commons.math3.linear.ArrayRealVectorTest" name="testMapToSelf"/>
  <testcase time="0" classname="org.apache.commons.math3.linear.ArrayRealVectorTest" name="testWalkInDefaultOrderPreservingVisitor1"/>
  <testcase time="0" classname="org.apache.commons.math3.linear.ArrayRealVectorTest" name="testWalkInDefaultOrderPreservingVisitor2"/>
  <testcase time="0" classname="org.apache.commons.math3.linear.ArrayRealVectorTest" name="testWalkInDefaultOrderPreservingVisitor3"/>
  <testcase time="0" classname="org.apache.commons.math3.linear.ArrayRealVectorTest" name="testSubtractDimensionMismatch"/>
  <testcase time="0" classname="org.apache.commons.math3.linear.ArrayRealVectorTest" name="testCombineToSelfDimensionMismatchSameType"/>
  <testcase time="0" classname="org.apache.commons.math3.linear.ArrayRealVectorTest" name="testWalkInOptimizedOrderPreservingVisitor1"/>
  <testcase time="0" classname="org.apache.commons.math3.linear.ArrayRealVectorTest" name="testWalkInOptimizedOrderPreservingVisitor2"/>
  <testcase time="0" classname="org.apache.commons.math3.linear.ArrayRealVectorTest" name="testWalkInOptimizedOrderPreservingVisitor3"/>
  <testcase time="0" classname="org.apache.commons.math3.linear.ArrayRealVectorTest" name="testSetSubVectorSameType"/>
  <testcase time="0.001" classname="org.apache.commons.math3.linear.ArrayRealVectorTest" name="testSerial"/>
  <testcase time="0" classname="org.apache.commons.math3.linear.ArrayRealVectorTest" name="testGetL1DistanceMixedTypes"/>
  <testcase time="0" classname="org.apache.commons.math3.linear.ArrayRealVectorTest" name="testIterator"/>
  <testcase time="0" classname="org.apache.commons.math3.linear.ArrayRealVectorTest" name="testSetEntry"/>
  <testcase time="0" classname="org.apache.commons.math3.linear.ArrayRealVectorTest" name="testGetSubVectorInvalidIndex1"/>
  <testcase time="0" classname="org.apache.commons.math3.linear.ArrayRealVectorTest" name="testGetSubVectorInvalidIndex2"/>
  <testcase time="0" classname="org.apache.commons.math3.linear.ArrayRealVectorTest" name="testGetSubVectorInvalidIndex3"/>
  <testcase time="0.001" classname="org.apache.commons.math3.linear.ArrayRealVectorTest" name="testGetSubVectorInvalidIndex4"/>
</testsuite>