<?xml version="1.0" encoding="UTF-8" ?>
<testsuite failures="2" time="0.044" errors="0" skipped="0" tests="7" name="introclassJava.median_3b2376ab_003BlackboxTest">
  <properties>
[...]
</properties>
  <testcase time="0.026" classname="introclassJava.median_3b2376ab_003BlackboxTest" name="test1"/>
  <testcase time="0.001" classname="introclassJava.median_3b2376ab_003BlackboxTest" name="test2"/>
  <testcase time="0.008" classname="introclassJava.median_3b2376ab_003BlackboxTest" name="test3">
    <failure message="expected:&lt;...rsseparatedbyspaces&gt;[6]isthemedian&gt; but was:&lt;...rsseparatedbyspaces&gt;[8]isthemedian&gt;" type="org.junit.ComparisonFailure">org.junit.ComparisonFailure: expected:&lt;...rsseparatedbyspaces&gt;[6]isthemedian&gt; but was:&lt;...rsseparatedbyspaces&gt;[8]isthemedian&gt;
	at org.junit.Assert.assertEquals(Assert.java:115)
	at org.junit.Assert.assertEquals(Assert.java:144)
	at introclassJava.median_3b2376ab_003BlackboxTest.test3(median_3b2376ab_003BlackboxTest.java:32)
	at sun.reflect.NativeMethodAccessorImpl.invoke0(Native Method)
	at sun.reflect.NativeMethodAccessorImpl.invoke(NativeMethodAccessorImpl.java:57)
	at sun.reflect.DelegatingMethodAccessorImpl.invoke(DelegatingMethodAccessorImpl.java:43)
	at java.lang.reflect.Method.invoke(Method.java:606)
	at org.junit.runners.model.FrameworkMethod$1.runReflectiveCall(FrameworkMethod.java:47)
	at org.junit.internal.runners.model.ReflectiveCallable.run(ReflectiveCallable.java:12)
	at org.junit.runners.model.FrameworkMethod.invokeExplosively(FrameworkMethod.java:44)
	at org.junit.internal.runners.statements.InvokeMethod.evaluate(InvokeMethod.java:17)
	at org.junit.internal.runners.statements.FailOnTimeout$StatementThread.run(FailOnTimeout.java:74)
</failure>
  </testcase>
  <testcase time="0" classname="introclassJava.median_3b2376ab_003BlackboxTest" name="test4"/>
  <testcase time="0.003" classname="introclassJava.median_3b2376ab_003BlackboxTest" name="test5">
    <failure message="expected:&lt;...rsseparatedbyspaces&gt;[6]isthemedian&gt; but was:&lt;...rsseparatedbyspaces&gt;[8]isthemedian&gt;" type="org.junit.ComparisonFailure">org.junit.ComparisonFailure: expected:&lt;...rsseparatedbyspaces&gt;[6]isthemedian&gt; but was:&lt;...rsseparatedbyspaces&gt;[8]isthemedian&gt;
	at org.junit.Assert.assertEquals(Assert.java:115)
	at org.junit.Assert.assertEquals(Assert.java:144)
	at introclassJava.median_3b2376ab_003BlackboxTest.test5(median_3b2376ab_003BlackboxTest.java:50)
	at sun.reflect.NativeMethodAccessorImpl.invoke0(Native Method)
	at sun.reflect.NativeMethodAccessorImpl.invoke(NativeMethodAccessorImpl.java:57)
	at sun.reflect.DelegatingMethodAccessorImpl.invoke(DelegatingMethodAccessorImpl.java:43)
	at java.lang.reflect.Method.invoke(Method.java:606)
	at org.junit.runners.model.FrameworkMethod$1.runReflectiveCall(FrameworkMethod.java:47)
	at org.junit.internal.runners.model.ReflectiveCallable.run(ReflectiveCallable.java:12)
	at org.junit.runners.model.FrameworkMethod.invokeExplosively(FrameworkMethod.java:44)
	at org.junit.internal.runners.statements.InvokeMethod.evaluate(InvokeMethod.java:17)
	at org.junit.internal.runners.statements.FailOnTimeout$StatementThread.run(FailOnTimeout.java:74)
</failure>
  </testcase>
  <testcase time="0.003" classname="introclassJava.median_3b2376ab_003BlackboxTest" name="test6"/>
  <testcase time="0.003" classname="introclassJava.median_3b2376ab_003BlackboxTest" name="test7"/>
</testsuite>